                              1 ;--------------------------------------------------------
                              2 ; File Created by SDCC : free open source ANSI-C Compiler
                              3 ; Version 3.6.0 #9615 (MINGW64)
                              4 ;--------------------------------------------------------
                              5 	.module explosion_b3
                              6 	.optsdcc -mgbz80
                              7 	
                              8 ;--------------------------------------------------------
                              9 ; Public variables in this module
                             10 ;--------------------------------------------------------
                             11 	.globl _explosion
                             12 ;--------------------------------------------------------
                             13 ; ram data
                             14 ;--------------------------------------------------------
                             15 	.area _DATA
                             16 ;--------------------------------------------------------
                             17 ; absolute external ram data
                             18 ;--------------------------------------------------------
                             19 	.area _DABS (ABS)
                             20 ;--------------------------------------------------------
                             21 ; global & static initialisations
                             22 ;--------------------------------------------------------
                             23 	.area _HOME
                             24 	.area _GSINIT
                             25 	.area _GSFINAL
                             26 	.area _GSINIT
                             27 ;--------------------------------------------------------
                             28 ; Home
                             29 ;--------------------------------------------------------
                             30 	.area _HOME
                             31 	.area _HOME
                             32 ;--------------------------------------------------------
                             33 ; code
                             34 ;--------------------------------------------------------
                             35 	.area _CODE
                             36 	.area _CODE
                             37 	.area _CODE_3
   0000                      38 _explosion:
   0000 18                   39 	.db #0x18	; 24
   0001 18                   40 	.db #0x18	; 24
   0002 00                   41 	.db #0x00	; 0
   0003 5A                   42 	.db #0x5a	; 90	'Z'
   0004 22                   43 	.db #0x22	; 34
   0005 1E                   44 	.db #0x1e	; 30
   0006 EF                   45 	.db #0xef	; 239
   0007 91                   46 	.db #0x91	; 145
   0008 F7                   47 	.db #0xf7	; 247
   0009 89                   48 	.db #0x89	; 137
   000A 42                   49 	.db #0x42	; 66	'B'
   000B 7A                   50 	.db #0x7a	; 122	'z'
   000C 04                   51 	.db #0x04	; 4
   000D 5E                   52 	.db #0x5e	; 94
   000E 18                   53 	.db #0x18	; 24
   000F 18                   54 	.db #0x18	; 24
   0010 00                   55 	.db #0x00	; 0
   0011 00                   56 	.db #0x00	; 0
   0012 00                   57 	.db #0x00	; 0
   0013 00                   58 	.db #0x00	; 0
   0014 00                   59 	.db #0x00	; 0
   0015 00                   60 	.db #0x00	; 0
   0016 00                   61 	.db #0x00	; 0
   0017 00                   62 	.db #0x00	; 0
   0018 00                   63 	.db #0x00	; 0
   0019 00                   64 	.db #0x00	; 0
   001A 00                   65 	.db #0x00	; 0
   001B 00                   66 	.db #0x00	; 0
   001C 00                   67 	.db #0x00	; 0
   001D 00                   68 	.db #0x00	; 0
   001E 00                   69 	.db #0x00	; 0
   001F 00                   70 	.db #0x00	; 0
   0020 00                   71 	.db #0x00	; 0
   0021 18                   72 	.db #0x18	; 24
   0022 00                   73 	.db #0x00	; 0
   0023 5A                   74 	.db #0x5a	; 90	'Z'
   0024 20                   75 	.db #0x20	; 32
   0025 06                   76 	.db #0x06	; 6
   0026 42                   77 	.db #0x42	; 66	'B'
   0027 81                   78 	.db #0x81	; 129
   0028 66                   79 	.db #0x66	; 102	'f'
   0029 81                   80 	.db #0x81	; 129
   002A 02                   81 	.db #0x02	; 2
   002B 62                   82 	.db #0x62	; 98	'b'
   002C 04                   83 	.db #0x04	; 4
   002D 56                   84 	.db #0x56	; 86	'V'
   002E 00                   85 	.db #0x00	; 0
   002F 18                   86 	.db #0x18	; 24
   0030 00                   87 	.db #0x00	; 0
   0031 00                   88 	.db #0x00	; 0
   0032 00                   89 	.db #0x00	; 0
   0033 00                   90 	.db #0x00	; 0
   0034 00                   91 	.db #0x00	; 0
   0035 00                   92 	.db #0x00	; 0
   0036 00                   93 	.db #0x00	; 0
   0037 00                   94 	.db #0x00	; 0
   0038 00                   95 	.db #0x00	; 0
   0039 00                   96 	.db #0x00	; 0
   003A 00                   97 	.db #0x00	; 0
   003B 00                   98 	.db #0x00	; 0
   003C 00                   99 	.db #0x00	; 0
   003D 00                  100 	.db #0x00	; 0
   003E 00                  101 	.db #0x00	; 0
   003F 00                  102 	.db #0x00	; 0
   0040 00                  103 	.db #0x00	; 0
   0041 18                  104 	.db #0x18	; 24
   0042 0A                  105 	.db #0x0a	; 10
   0043 40                  106 	.db #0x40	; 64
   0044 2B                  107 	.db #0x2b	; 43
   0045 00                  108 	.db #0x00	; 0
   0046 00                  109 	.db #0x00	; 0
   0047 01                  110 	.db #0x01	; 1
   0048 4A                  111 	.db #0x4a	; 74	'J'
   0049 80                  112 	.db #0x80	; 128
   004A 60                  113 	.db #0x60	; 96
   004B 82                  114 	.db #0x82	; 130
   004C 42                  115 	.db #0x42	; 66	'B'
   004D 04                  116 	.db #0x04	; 4
   004E 00                  117 	.db #0x00	; 0
   004F 10                  118 	.db #0x10	; 16
   0050 00                  119 	.db #0x00	; 0
   0051 00                  120 	.db #0x00	; 0
   0052 00                  121 	.db #0x00	; 0
   0053 00                  122 	.db #0x00	; 0
   0054 00                  123 	.db #0x00	; 0
   0055 00                  124 	.db #0x00	; 0
   0056 00                  125 	.db #0x00	; 0
   0057 00                  126 	.db #0x00	; 0
   0058 00                  127 	.db #0x00	; 0
   0059 00                  128 	.db #0x00	; 0
   005A 00                  129 	.db #0x00	; 0
   005B 00                  130 	.db #0x00	; 0
   005C 00                  131 	.db #0x00	; 0
   005D 00                  132 	.db #0x00	; 0
   005E 00                  133 	.db #0x00	; 0
   005F 00                  134 	.db #0x00	; 0
   0060 80                  135 	.db #0x80	; 128
   0061 01                  136 	.db #0x01	; 1
   0062 40                  137 	.db #0x40	; 64
   0063 00                  138 	.db #0x00	; 0
   0064 00                  139 	.db #0x00	; 0
   0065 00                  140 	.db #0x00	; 0
   0066 01                  141 	.db #0x01	; 1
   0067 00                  142 	.db #0x00	; 0
   0068 80                  143 	.db #0x80	; 128
   0069 00                  144 	.db #0x00	; 0
   006A 04                  145 	.db #0x04	; 4
   006B 00                  146 	.db #0x00	; 0
   006C 41                  147 	.db #0x41	; 65	'A'
   006D 00                  148 	.db #0x00	; 0
   006E 00                  149 	.db #0x00	; 0
   006F 00                  150 	.db #0x00	; 0
   0070 20                  151 	.db #0x20	; 32
   0071 00                  152 	.db #0x00	; 0
   0072 00                  153 	.db #0x00	; 0
   0073 00                  154 	.db #0x00	; 0
   0074 00                  155 	.db #0x00	; 0
   0075 00                  156 	.db #0x00	; 0
   0076 00                  157 	.db #0x00	; 0
   0077 00                  158 	.db #0x00	; 0
   0078 00                  159 	.db #0x00	; 0
   0079 00                  160 	.db #0x00	; 0
   007A 00                  161 	.db #0x00	; 0
   007B 00                  162 	.db #0x00	; 0
   007C 00                  163 	.db #0x00	; 0
   007D 00                  164 	.db #0x00	; 0
   007E 00                  165 	.db #0x00	; 0
   007F 00                  166 	.db #0x00	; 0
                            167 	.area _CABS (ABS)
