                              1 ;--------------------------------------------------------
                              2 ; File Created by SDCC : free open source ANSI-C Compiler
                              3 ; Version 3.6.0 #9615 (MINGW64)
                              4 ;--------------------------------------------------------
                              5 	.module music_tmp
                              6 	.optsdcc -mgbz80
                              7 	
                              8 ;--------------------------------------------------------
                              9 ; Public variables in this module
                             10 ;--------------------------------------------------------
                             11 	.globl _levelmusic_mod_Data
                             12 	.globl _levelmusic_mod4
                             13 	.globl _levelmusic_mod3
                             14 	.globl _levelmusic_mod2
                             15 	.globl _levelmusic_mod1
                             16 	.globl _levelmusic_mod0
                             17 ;--------------------------------------------------------
                             18 ; ram data
                             19 ;--------------------------------------------------------
                             20 	.area _DATA
                             21 ;--------------------------------------------------------
                             22 ; absolute external ram data
                             23 ;--------------------------------------------------------
                             24 	.area _DABS (ABS)
                             25 ;--------------------------------------------------------
                             26 ; global & static initialisations
                             27 ;--------------------------------------------------------
                             28 	.area _HOME
                             29 	.area _GSINIT
                             30 	.area _GSFINAL
                             31 	.area _GSINIT
                             32 ;--------------------------------------------------------
                             33 ; Home
                             34 ;--------------------------------------------------------
                             35 	.area _HOME
                             36 	.area _HOME
                             37 ;--------------------------------------------------------
                             38 ; code
                             39 ;--------------------------------------------------------
                             40 	.area _CODE_3
                             41 	.area _CODE_3
   0000                      42 _levelmusic_mod0:
   0000 00                   43 	.db #0x00	; 0
   0001 8C                   44 	.db #0x8c	; 140
   0002 30                   45 	.db #0x30	; 48	'0'
   0003 98                   46 	.db #0x98	; 152
   0004 16                   47 	.db #0x16	; 22
   0005 4A                   48 	.db #0x4a	; 74	'J'
   0006 04                   49 	.db #0x04	; 4
   0007 00                   50 	.db #0x00	; 0
   0008 00                   51 	.db #0x00	; 0
   0009 00                   52 	.db #0x00	; 0
   000A 00                   53 	.db #0x00	; 0
   000B 00                   54 	.db #0x00	; 0
   000C 00                   55 	.db #0x00	; 0
   000D 20                   56 	.db #0x20	; 32
   000E 00                   57 	.db #0x00	; 0
   000F 00                   58 	.db #0x00	; 0
   0010 00                   59 	.db #0x00	; 0
   0011 00                   60 	.db #0x00	; 0
   0012 00                   61 	.db #0x00	; 0
   0013 00                   62 	.db #0x00	; 0
   0014 00                   63 	.db #0x00	; 0
   0015 00                   64 	.db #0x00	; 0
   0016 8C                   65 	.db #0x8c	; 140
   0017 05                   66 	.db #0x05	; 5
   0018 00                   67 	.db #0x00	; 0
   0019 00                   68 	.db #0x00	; 0
   001A 00                   69 	.db #0x00	; 0
   001B 20                   70 	.db #0x20	; 32
   001C 00                   71 	.db #0x00	; 0
   001D 00                   72 	.db #0x00	; 0
   001E 98                   73 	.db #0x98	; 152
   001F 16                   74 	.db #0x16	; 22
   0020 8C                   75 	.db #0x8c	; 140
   0021 05                   76 	.db #0x05	; 5
   0022 00                   77 	.db #0x00	; 0
   0023 9A                   78 	.db #0x9a	; 154
   0024 38                   79 	.db #0x38	; 56	'8'
   0025 00                   80 	.db #0x00	; 0
   0026 20                   81 	.db #0x20	; 32
   0027 00                   82 	.db #0x00	; 0
   0028 9C                   83 	.db #0x9c	; 156
   0029 38                   84 	.db #0x38	; 56	'8'
   002A 20                   85 	.db #0x20	; 32
   002B 8A                   86 	.db #0x8a	; 138
   002C 18                   87 	.db #0x18	; 24
   002D 00                   88 	.db #0x00	; 0
   002E 00                   89 	.db #0x00	; 0
   002F 00                   90 	.db #0x00	; 0
   0030 2C                   91 	.db #0x2c	; 44
   0031 00                   92 	.db #0x00	; 0
   0032 28                   93 	.db #0x28	; 40
   0033 00                   94 	.db #0x00	; 0
   0034 20                   95 	.db #0x20	; 32
   0035 00                   96 	.db #0x00	; 0
   0036 00                   97 	.db #0x00	; 0
   0037 00                   98 	.db #0x00	; 0
   0038 00                   99 	.db #0x00	; 0
   0039 00                  100 	.db #0x00	; 0
   003A 9F                  101 	.db #0x9f	; 159
   003B 38                  102 	.db #0x38	; 56	'8'
   003C 00                  103 	.db #0x00	; 0
   003D 8C                  104 	.db #0x8c	; 140
   003E 05                  105 	.db #0x05	; 5
   003F 00                  106 	.db #0x00	; 0
   0040 00                  107 	.db #0x00	; 0
   0041 00                  108 	.db #0x00	; 0
   0042 20                  109 	.db #0x20	; 32
   0043 00                  110 	.db #0x00	; 0
   0044 28                  111 	.db #0x28	; 40
   0045 00                  112 	.db #0x00	; 0
   0046 00                  113 	.db #0x00	; 0
   0047 00                  114 	.db #0x00	; 0
   0048 00                  115 	.db #0x00	; 0
   0049 00                  116 	.db #0x00	; 0
   004A 00                  117 	.db #0x00	; 0
   004B 00                  118 	.db #0x00	; 0
   004C A1                  119 	.db #0xa1	; 161
   004D 38                  120 	.db #0x38	; 56	'8'
   004E 96                  121 	.db #0x96	; 150
   004F 16                  122 	.db #0x16	; 22
   0050 00                  123 	.db #0x00	; 0
   0051 00                  124 	.db #0x00	; 0
   0052 00                  125 	.db #0x00	; 0
   0053 00                  126 	.db #0x00	; 0
   0054 00                  127 	.db #0x00	; 0
   0055 00                  128 	.db #0x00	; 0
   0056 28                  129 	.db #0x28	; 40
   0057 20                  130 	.db #0x20	; 32
   0058 00                  131 	.db #0x00	; 0
   0059 00                  132 	.db #0x00	; 0
   005A 00                  133 	.db #0x00	; 0
   005B 00                  134 	.db #0x00	; 0
   005C 00                  135 	.db #0x00	; 0
   005D 00                  136 	.db #0x00	; 0
   005E 9F                  137 	.db #0x9f	; 159
   005F 38                  138 	.db #0x38	; 56	'8'
   0060 00                  139 	.db #0x00	; 0
   0061 8C                  140 	.db #0x8c	; 140
   0062 05                  141 	.db #0x05	; 5
   0063 00                  142 	.db #0x00	; 0
   0064 00                  143 	.db #0x00	; 0
   0065 00                  144 	.db #0x00	; 0
   0066 20                  145 	.db #0x20	; 32
   0067 00                  146 	.db #0x00	; 0
   0068 28                  147 	.db #0x28	; 40
   0069 96                  148 	.db #0x96	; 150
   006A 16                  149 	.db #0x16	; 22
   006B 8C                  150 	.db #0x8c	; 140
   006C 05                  151 	.db #0x05	; 5
   006D 00                  152 	.db #0x00	; 0
   006E 9A                  153 	.db #0x9a	; 154
   006F 38                  154 	.db #0x38	; 56	'8'
   0070 00                  155 	.db #0x00	; 0
   0071 20                  156 	.db #0x20	; 32
   0072 00                  157 	.db #0x00	; 0
   0073 9C                  158 	.db #0x9c	; 156
   0074 38                  159 	.db #0x38	; 56	'8'
   0075 20                  160 	.db #0x20	; 32
   0076 8A                  161 	.db #0x8a	; 138
   0077 18                  162 	.db #0x18	; 24
   0078 00                  163 	.db #0x00	; 0
   0079 00                  164 	.db #0x00	; 0
   007A 00                  165 	.db #0x00	; 0
   007B 2C                  166 	.db #0x2c	; 44
   007C 00                  167 	.db #0x00	; 0
   007D 28                  168 	.db #0x28	; 40
   007E 00                  169 	.db #0x00	; 0
   007F 20                  170 	.db #0x20	; 32
   0080 00                  171 	.db #0x00	; 0
   0081 00                  172 	.db #0x00	; 0
   0082 00                  173 	.db #0x00	; 0
   0083 00                  174 	.db #0x00	; 0
   0084 00                  175 	.db #0x00	; 0
   0085 9F                  176 	.db #0x9f	; 159
   0086 38                  177 	.db #0x38	; 56	'8'
   0087 00                  178 	.db #0x00	; 0
   0088 8C                  179 	.db #0x8c	; 140
   0089 05                  180 	.db #0x05	; 5
   008A 00                  181 	.db #0x00	; 0
   008B 00                  182 	.db #0x00	; 0
   008C 00                  183 	.db #0x00	; 0
   008D 20                  184 	.db #0x20	; 32
   008E 00                  185 	.db #0x00	; 0
   008F 98                  186 	.db #0x98	; 152
   0090 38                  187 	.db #0x38	; 56	'8'
   0091 00                  188 	.db #0x00	; 0
   0092 00                  189 	.db #0x00	; 0
   0093 00                  190 	.db #0x00	; 0
   0094 00                  191 	.db #0x00	; 0
   0095 00                  192 	.db #0x00	; 0
   0096 00                  193 	.db #0x00	; 0
   0097 00                  194 	.db #0x00	; 0
   0098 28                  195 	.db #0x28	; 40
   0099 98                  196 	.db #0x98	; 152
   009A 16                  197 	.db #0x16	; 22
   009B 00                  198 	.db #0x00	; 0
   009C 00                  199 	.db #0x00	; 0
   009D 00                  200 	.db #0x00	; 0
   009E 00                  201 	.db #0x00	; 0
   009F 00                  202 	.db #0x00	; 0
   00A0 00                  203 	.db #0x00	; 0
   00A1 20                  204 	.db #0x20	; 32
   00A2 20                  205 	.db #0x20	; 32
   00A3 00                  206 	.db #0x00	; 0
   00A4 00                  207 	.db #0x00	; 0
   00A5 00                  208 	.db #0x00	; 0
   00A6 00                  209 	.db #0x00	; 0
   00A7 00                  210 	.db #0x00	; 0
   00A8 00                  211 	.db #0x00	; 0
   00A9 00                  212 	.db #0x00	; 0
   00AA 00                  213 	.db #0x00	; 0
   00AB 8C                  214 	.db #0x8c	; 140
   00AC 05                  215 	.db #0x05	; 5
   00AD 00                  216 	.db #0x00	; 0
   00AE 00                  217 	.db #0x00	; 0
   00AF 00                  218 	.db #0x00	; 0
   00B0 20                  219 	.db #0x20	; 32
   00B1 00                  220 	.db #0x00	; 0
   00B2 00                  221 	.db #0x00	; 0
   00B3 98                  222 	.db #0x98	; 152
   00B4 16                  223 	.db #0x16	; 22
   00B5 8C                  224 	.db #0x8c	; 140
   00B6 05                  225 	.db #0x05	; 5
   00B7 00                  226 	.db #0x00	; 0
   00B8 00                  227 	.db #0x00	; 0
   00B9 00                  228 	.db #0x00	; 0
   00BA 20                  229 	.db #0x20	; 32
   00BB 00                  230 	.db #0x00	; 0
   00BC 00                  231 	.db #0x00	; 0
   00BD 20                  232 	.db #0x20	; 32
   00BE 8A                  233 	.db #0x8a	; 138
   00BF 18                  234 	.db #0x18	; 24
   00C0 00                  235 	.db #0x00	; 0
   00C1 00                  236 	.db #0x00	; 0
   00C2 00                  237 	.db #0x00	; 0
   00C3 2C                  238 	.db #0x2c	; 44
   00C4 00                  239 	.db #0x00	; 0
   00C5 00                  240 	.db #0x00	; 0
   00C6 00                  241 	.db #0x00	; 0
   00C7 20                  242 	.db #0x20	; 32
   00C8 00                  243 	.db #0x00	; 0
   00C9 00                  244 	.db #0x00	; 0
   00CA 00                  245 	.db #0x00	; 0
   00CB 00                  246 	.db #0x00	; 0
   00CC 00                  247 	.db #0x00	; 0
   00CD 00                  248 	.db #0x00	; 0
   00CE 00                  249 	.db #0x00	; 0
   00CF 8C                  250 	.db #0x8c	; 140
   00D0 05                  251 	.db #0x05	; 5
   00D1 00                  252 	.db #0x00	; 0
   00D2 00                  253 	.db #0x00	; 0
   00D3 00                  254 	.db #0x00	; 0
   00D4 20                  255 	.db #0x20	; 32
   00D5 00                  256 	.db #0x00	; 0
   00D6 00                  257 	.db #0x00	; 0
   00D7 00                  258 	.db #0x00	; 0
   00D8 00                  259 	.db #0x00	; 0
   00D9 00                  260 	.db #0x00	; 0
   00DA 00                  261 	.db #0x00	; 0
   00DB 00                  262 	.db #0x00	; 0
   00DC 00                  263 	.db #0x00	; 0
   00DD 00                  264 	.db #0x00	; 0
   00DE 96                  265 	.db #0x96	; 150
   00DF 38                  266 	.db #0x38	; 56	'8'
   00E0 96                  267 	.db #0x96	; 150
   00E1 16                  268 	.db #0x16	; 22
   00E2 00                  269 	.db #0x00	; 0
   00E3 00                  270 	.db #0x00	; 0
   00E4 28                  271 	.db #0x28	; 40
   00E5 00                  272 	.db #0x00	; 0
   00E6 00                  273 	.db #0x00	; 0
   00E7 00                  274 	.db #0x00	; 0
   00E8 95                  275 	.db #0x95	; 149
   00E9 38                  276 	.db #0x38	; 56	'8'
   00EA 20                  277 	.db #0x20	; 32
   00EB 00                  278 	.db #0x00	; 0
   00EC 00                  279 	.db #0x00	; 0
   00ED 28                  280 	.db #0x28	; 40
   00EE 00                  281 	.db #0x00	; 0
   00EF 00                  282 	.db #0x00	; 0
   00F0 00                  283 	.db #0x00	; 0
   00F1 93                  284 	.db #0x93	; 147
   00F2 38                  285 	.db #0x38	; 56	'8'
   00F3 00                  286 	.db #0x00	; 0
   00F4 8C                  287 	.db #0x8c	; 140
   00F5 05                  288 	.db #0x05	; 5
   00F6 00                  289 	.db #0x00	; 0
   00F7 28                  290 	.db #0x28	; 40
   00F8 00                  291 	.db #0x00	; 0
   00F9 20                  292 	.db #0x20	; 32
   00FA 00                  293 	.db #0x00	; 0
   00FB 96                  294 	.db #0x96	; 150
   00FC 38                  295 	.db #0x38	; 56	'8'
   00FD 96                  296 	.db #0x96	; 150
   00FE 16                  297 	.db #0x16	; 22
   00FF 8C                  298 	.db #0x8c	; 140
   0100 05                  299 	.db #0x05	; 5
   0101 00                  300 	.db #0x00	; 0
   0102 28                  301 	.db #0x28	; 40
   0103 00                  302 	.db #0x00	; 0
   0104 20                  303 	.db #0x20	; 32
   0105 00                  304 	.db #0x00	; 0
   0106 95                  305 	.db #0x95	; 149
   0107 38                  306 	.db #0x38	; 56	'8'
   0108 20                  307 	.db #0x20	; 32
   0109 8A                  308 	.db #0x8a	; 138
   010A 18                  309 	.db #0x18	; 24
   010B 00                  310 	.db #0x00	; 0
   010C 28                  311 	.db #0x28	; 40
   010D 00                  312 	.db #0x00	; 0
   010E 2C                  313 	.db #0x2c	; 44
   010F 00                  314 	.db #0x00	; 0
   0110 93                  315 	.db #0x93	; 147
   0111 38                  316 	.db #0x38	; 56	'8'
   0112 00                  317 	.db #0x00	; 0
   0113 20                  318 	.db #0x20	; 32
   0114 00                  319 	.db #0x00	; 0
   0115 28                  320 	.db #0x28	; 40
   0116 00                  321 	.db #0x00	; 0
   0117 00                  322 	.db #0x00	; 0
   0118 00                  323 	.db #0x00	; 0
   0119 96                  324 	.db #0x96	; 150
   011A 38                  325 	.db #0x38	; 56	'8'
   011B 00                  326 	.db #0x00	; 0
   011C 8C                  327 	.db #0x8c	; 140
   011D 05                  328 	.db #0x05	; 5
   011E 00                  329 	.db #0x00	; 0
   011F 28                  330 	.db #0x28	; 40
   0120 00                  331 	.db #0x00	; 0
   0121 20                  332 	.db #0x20	; 32
   0122 00                  333 	.db #0x00	; 0
   0123 95                  334 	.db #0x95	; 149
   0124 38                  335 	.db #0x38	; 56	'8'
   0125 00                  336 	.db #0x00	; 0
   0126 00                  337 	.db #0x00	; 0
   0127 00                  338 	.db #0x00	; 0
   0128 28                  339 	.db #0x28	; 40
   0129 00                  340 	.db #0x00	; 0
   012A 00                  341 	.db #0x00	; 0
   012B                     342 _levelmusic_mod1:
   012B 00                  343 	.db #0x00	; 0
   012C 20                  344 	.db #0x20	; 32
   012D 98                  345 	.db #0x98	; 152
   012E 16                  346 	.db #0x16	; 22
   012F 4A                  347 	.db #0x4a	; 74	'J'
   0130 04                  348 	.db #0x04	; 4
   0131 00                  349 	.db #0x00	; 0
   0132 00                  350 	.db #0x00	; 0
   0133 00                  351 	.db #0x00	; 0
   0134 00                  352 	.db #0x00	; 0
   0135 00                  353 	.db #0x00	; 0
   0136 00                  354 	.db #0x00	; 0
   0137 20                  355 	.db #0x20	; 32
   0138 00                  356 	.db #0x00	; 0
   0139 00                  357 	.db #0x00	; 0
   013A 00                  358 	.db #0x00	; 0
   013B 00                  359 	.db #0x00	; 0
   013C 00                  360 	.db #0x00	; 0
   013D 00                  361 	.db #0x00	; 0
   013E 00                  362 	.db #0x00	; 0
   013F 00                  363 	.db #0x00	; 0
   0140 8C                  364 	.db #0x8c	; 140
   0141 05                  365 	.db #0x05	; 5
   0142 00                  366 	.db #0x00	; 0
   0143 00                  367 	.db #0x00	; 0
   0144 00                  368 	.db #0x00	; 0
   0145 20                  369 	.db #0x20	; 32
   0146 00                  370 	.db #0x00	; 0
   0147 00                  371 	.db #0x00	; 0
   0148 98                  372 	.db #0x98	; 152
   0149 16                  373 	.db #0x16	; 22
   014A 8C                  374 	.db #0x8c	; 140
   014B 05                  375 	.db #0x05	; 5
   014C 00                  376 	.db #0x00	; 0
   014D 9A                  377 	.db #0x9a	; 154
   014E 38                  378 	.db #0x38	; 56	'8'
   014F 00                  379 	.db #0x00	; 0
   0150 20                  380 	.db #0x20	; 32
   0151 00                  381 	.db #0x00	; 0
   0152 9C                  382 	.db #0x9c	; 156
   0153 38                  383 	.db #0x38	; 56	'8'
   0154 20                  384 	.db #0x20	; 32
   0155 8A                  385 	.db #0x8a	; 138
   0156 18                  386 	.db #0x18	; 24
   0157 00                  387 	.db #0x00	; 0
   0158 00                  388 	.db #0x00	; 0
   0159 00                  389 	.db #0x00	; 0
   015A 2C                  390 	.db #0x2c	; 44
   015B 00                  391 	.db #0x00	; 0
   015C 28                  392 	.db #0x28	; 40
   015D 00                  393 	.db #0x00	; 0
   015E 20                  394 	.db #0x20	; 32
   015F 00                  395 	.db #0x00	; 0
   0160 00                  396 	.db #0x00	; 0
   0161 00                  397 	.db #0x00	; 0
   0162 00                  398 	.db #0x00	; 0
   0163 00                  399 	.db #0x00	; 0
   0164 9F                  400 	.db #0x9f	; 159
   0165 38                  401 	.db #0x38	; 56	'8'
   0166 00                  402 	.db #0x00	; 0
   0167 8C                  403 	.db #0x8c	; 140
   0168 05                  404 	.db #0x05	; 5
   0169 00                  405 	.db #0x00	; 0
   016A 00                  406 	.db #0x00	; 0
   016B 00                  407 	.db #0x00	; 0
   016C 20                  408 	.db #0x20	; 32
   016D 00                  409 	.db #0x00	; 0
   016E 28                  410 	.db #0x28	; 40
   016F 00                  411 	.db #0x00	; 0
   0170 00                  412 	.db #0x00	; 0
   0171 00                  413 	.db #0x00	; 0
   0172 00                  414 	.db #0x00	; 0
   0173 00                  415 	.db #0x00	; 0
   0174 00                  416 	.db #0x00	; 0
   0175 00                  417 	.db #0x00	; 0
   0176 A1                  418 	.db #0xa1	; 161
   0177 38                  419 	.db #0x38	; 56	'8'
   0178 96                  420 	.db #0x96	; 150
   0179 16                  421 	.db #0x16	; 22
   017A 00                  422 	.db #0x00	; 0
   017B 00                  423 	.db #0x00	; 0
   017C 00                  424 	.db #0x00	; 0
   017D 00                  425 	.db #0x00	; 0
   017E 00                  426 	.db #0x00	; 0
   017F 00                  427 	.db #0x00	; 0
   0180 28                  428 	.db #0x28	; 40
   0181 20                  429 	.db #0x20	; 32
   0182 00                  430 	.db #0x00	; 0
   0183 00                  431 	.db #0x00	; 0
   0184 00                  432 	.db #0x00	; 0
   0185 00                  433 	.db #0x00	; 0
   0186 00                  434 	.db #0x00	; 0
   0187 00                  435 	.db #0x00	; 0
   0188 9F                  436 	.db #0x9f	; 159
   0189 38                  437 	.db #0x38	; 56	'8'
   018A 00                  438 	.db #0x00	; 0
   018B 8C                  439 	.db #0x8c	; 140
   018C 05                  440 	.db #0x05	; 5
   018D 00                  441 	.db #0x00	; 0
   018E 00                  442 	.db #0x00	; 0
   018F 00                  443 	.db #0x00	; 0
   0190 20                  444 	.db #0x20	; 32
   0191 00                  445 	.db #0x00	; 0
   0192 28                  446 	.db #0x28	; 40
   0193 96                  447 	.db #0x96	; 150
   0194 16                  448 	.db #0x16	; 22
   0195 8C                  449 	.db #0x8c	; 140
   0196 05                  450 	.db #0x05	; 5
   0197 00                  451 	.db #0x00	; 0
   0198 9A                  452 	.db #0x9a	; 154
   0199 38                  453 	.db #0x38	; 56	'8'
   019A 00                  454 	.db #0x00	; 0
   019B 20                  455 	.db #0x20	; 32
   019C 00                  456 	.db #0x00	; 0
   019D 9C                  457 	.db #0x9c	; 156
   019E 38                  458 	.db #0x38	; 56	'8'
   019F 20                  459 	.db #0x20	; 32
   01A0 8A                  460 	.db #0x8a	; 138
   01A1 18                  461 	.db #0x18	; 24
   01A2 00                  462 	.db #0x00	; 0
   01A3 00                  463 	.db #0x00	; 0
   01A4 00                  464 	.db #0x00	; 0
   01A5 2C                  465 	.db #0x2c	; 44
   01A6 00                  466 	.db #0x00	; 0
   01A7 28                  467 	.db #0x28	; 40
   01A8 00                  468 	.db #0x00	; 0
   01A9 20                  469 	.db #0x20	; 32
   01AA 00                  470 	.db #0x00	; 0
   01AB 00                  471 	.db #0x00	; 0
   01AC 00                  472 	.db #0x00	; 0
   01AD 00                  473 	.db #0x00	; 0
   01AE 00                  474 	.db #0x00	; 0
   01AF 9F                  475 	.db #0x9f	; 159
   01B0 38                  476 	.db #0x38	; 56	'8'
   01B1 00                  477 	.db #0x00	; 0
   01B2 8C                  478 	.db #0x8c	; 140
   01B3 05                  479 	.db #0x05	; 5
   01B4 00                  480 	.db #0x00	; 0
   01B5 00                  481 	.db #0x00	; 0
   01B6 00                  482 	.db #0x00	; 0
   01B7 20                  483 	.db #0x20	; 32
   01B8 00                  484 	.db #0x00	; 0
   01B9 A4                  485 	.db #0xa4	; 164
   01BA 38                  486 	.db #0x38	; 56	'8'
   01BB 00                  487 	.db #0x00	; 0
   01BC 00                  488 	.db #0x00	; 0
   01BD 00                  489 	.db #0x00	; 0
   01BE 00                  490 	.db #0x00	; 0
   01BF 00                  491 	.db #0x00	; 0
   01C0 00                  492 	.db #0x00	; 0
   01C1 00                  493 	.db #0x00	; 0
   01C2 28                  494 	.db #0x28	; 40
   01C3 98                  495 	.db #0x98	; 152
   01C4 16                  496 	.db #0x16	; 22
   01C5 00                  497 	.db #0x00	; 0
   01C6 00                  498 	.db #0x00	; 0
   01C7 00                  499 	.db #0x00	; 0
   01C8 00                  500 	.db #0x00	; 0
   01C9 00                  501 	.db #0x00	; 0
   01CA 00                  502 	.db #0x00	; 0
   01CB 20                  503 	.db #0x20	; 32
   01CC 20                  504 	.db #0x20	; 32
   01CD 00                  505 	.db #0x00	; 0
   01CE 00                  506 	.db #0x00	; 0
   01CF 00                  507 	.db #0x00	; 0
   01D0 00                  508 	.db #0x00	; 0
   01D1 00                  509 	.db #0x00	; 0
   01D2 00                  510 	.db #0x00	; 0
   01D3 00                  511 	.db #0x00	; 0
   01D4 00                  512 	.db #0x00	; 0
   01D5 8C                  513 	.db #0x8c	; 140
   01D6 05                  514 	.db #0x05	; 5
   01D7 00                  515 	.db #0x00	; 0
   01D8 00                  516 	.db #0x00	; 0
   01D9 00                  517 	.db #0x00	; 0
   01DA 20                  518 	.db #0x20	; 32
   01DB 00                  519 	.db #0x00	; 0
   01DC 00                  520 	.db #0x00	; 0
   01DD 98                  521 	.db #0x98	; 152
   01DE 16                  522 	.db #0x16	; 22
   01DF 8C                  523 	.db #0x8c	; 140
   01E0 05                  524 	.db #0x05	; 5
   01E1 00                  525 	.db #0x00	; 0
   01E2 00                  526 	.db #0x00	; 0
   01E3 00                  527 	.db #0x00	; 0
   01E4 20                  528 	.db #0x20	; 32
   01E5 00                  529 	.db #0x00	; 0
   01E6 00                  530 	.db #0x00	; 0
   01E7 20                  531 	.db #0x20	; 32
   01E8 8A                  532 	.db #0x8a	; 138
   01E9 18                  533 	.db #0x18	; 24
   01EA 00                  534 	.db #0x00	; 0
   01EB 00                  535 	.db #0x00	; 0
   01EC 00                  536 	.db #0x00	; 0
   01ED 2C                  537 	.db #0x2c	; 44
   01EE 00                  538 	.db #0x00	; 0
   01EF 00                  539 	.db #0x00	; 0
   01F0 00                  540 	.db #0x00	; 0
   01F1 20                  541 	.db #0x20	; 32
   01F2 00                  542 	.db #0x00	; 0
   01F3 00                  543 	.db #0x00	; 0
   01F4 00                  544 	.db #0x00	; 0
   01F5 00                  545 	.db #0x00	; 0
   01F6 00                  546 	.db #0x00	; 0
   01F7 00                  547 	.db #0x00	; 0
   01F8 00                  548 	.db #0x00	; 0
   01F9 8C                  549 	.db #0x8c	; 140
   01FA 05                  550 	.db #0x05	; 5
   01FB 00                  551 	.db #0x00	; 0
   01FC 00                  552 	.db #0x00	; 0
   01FD 00                  553 	.db #0x00	; 0
   01FE 20                  554 	.db #0x20	; 32
   01FF 00                  555 	.db #0x00	; 0
   0200 00                  556 	.db #0x00	; 0
   0201 00                  557 	.db #0x00	; 0
   0202 00                  558 	.db #0x00	; 0
   0203 00                  559 	.db #0x00	; 0
   0204 00                  560 	.db #0x00	; 0
   0205 00                  561 	.db #0x00	; 0
   0206 00                  562 	.db #0x00	; 0
   0207 00                  563 	.db #0x00	; 0
   0208 38                  564 	.db #0x38	; 56	'8'
   0209 96                  565 	.db #0x96	; 150
   020A 16                  566 	.db #0x16	; 22
   020B 00                  567 	.db #0x00	; 0
   020C 00                  568 	.db #0x00	; 0
   020D 28                  569 	.db #0x28	; 40
   020E 00                  570 	.db #0x00	; 0
   020F 00                  571 	.db #0x00	; 0
   0210 00                  572 	.db #0x00	; 0
   0211 A6                  573 	.db #0xa6	; 166
   0212 38                  574 	.db #0x38	; 56	'8'
   0213 20                  575 	.db #0x20	; 32
   0214 00                  576 	.db #0x00	; 0
   0215 00                  577 	.db #0x00	; 0
   0216 28                  578 	.db #0x28	; 40
   0217 00                  579 	.db #0x00	; 0
   0218 00                  580 	.db #0x00	; 0
   0219 00                  581 	.db #0x00	; 0
   021A A2                  582 	.db #0xa2	; 162
   021B 38                  583 	.db #0x38	; 56	'8'
   021C 00                  584 	.db #0x00	; 0
   021D 8C                  585 	.db #0x8c	; 140
   021E 05                  586 	.db #0x05	; 5
   021F 00                  587 	.db #0x00	; 0
   0220 28                  588 	.db #0x28	; 40
   0221 00                  589 	.db #0x00	; 0
   0222 20                  590 	.db #0x20	; 32
   0223 00                  591 	.db #0x00	; 0
   0224 A1                  592 	.db #0xa1	; 161
   0225 38                  593 	.db #0x38	; 56	'8'
   0226 00                  594 	.db #0x00	; 0
   0227 8C                  595 	.db #0x8c	; 140
   0228 05                  596 	.db #0x05	; 5
   0229 00                  597 	.db #0x00	; 0
   022A 28                  598 	.db #0x28	; 40
   022B 00                  599 	.db #0x00	; 0
   022C 20                  600 	.db #0x20	; 32
   022D 00                  601 	.db #0x00	; 0
   022E A2                  602 	.db #0xa2	; 162
   022F 38                  603 	.db #0x38	; 56	'8'
   0230 00                  604 	.db #0x00	; 0
   0231 8A                  605 	.db #0x8a	; 138
   0232 18                  606 	.db #0x18	; 24
   0233 00                  607 	.db #0x00	; 0
   0234 28                  608 	.db #0x28	; 40
   0235 00                  609 	.db #0x00	; 0
   0236 2C                  610 	.db #0x2c	; 44
   0237 00                  611 	.db #0x00	; 0
   0238 A1                  612 	.db #0xa1	; 161
   0239 38                  613 	.db #0x38	; 56	'8'
   023A 00                  614 	.db #0x00	; 0
   023B 20                  615 	.db #0x20	; 32
   023C 00                  616 	.db #0x00	; 0
   023D 28                  617 	.db #0x28	; 40
   023E 00                  618 	.db #0x00	; 0
   023F 00                  619 	.db #0x00	; 0
   0240 00                  620 	.db #0x00	; 0
   0241 9F                  621 	.db #0x9f	; 159
   0242 38                  622 	.db #0x38	; 56	'8'
   0243 00                  623 	.db #0x00	; 0
   0244 8C                  624 	.db #0x8c	; 140
   0245 05                  625 	.db #0x05	; 5
   0246 00                  626 	.db #0x00	; 0
   0247 28                  627 	.db #0x28	; 40
   0248 00                  628 	.db #0x00	; 0
   0249 20                  629 	.db #0x20	; 32
   024A 00                  630 	.db #0x00	; 0
   024B 9D                  631 	.db #0x9d	; 157
   024C 38                  632 	.db #0x38	; 56	'8'
   024D 00                  633 	.db #0x00	; 0
   024E 00                  634 	.db #0x00	; 0
   024F 00                  635 	.db #0x00	; 0
   0250 28                  636 	.db #0x28	; 40
   0251 00                  637 	.db #0x00	; 0
   0252 00                  638 	.db #0x00	; 0
   0253                     639 _levelmusic_mod2:
   0253 00                  640 	.db #0x00	; 0
   0254 9C                  641 	.db #0x9c	; 156
   0255 34                  642 	.db #0x34	; 52	'4'
   0256 98                  643 	.db #0x98	; 152
   0257 16                  644 	.db #0x16	; 22
   0258 4A                  645 	.db #0x4a	; 74	'J'
   0259 04                  646 	.db #0x04	; 4
   025A 00                  647 	.db #0x00	; 0
   025B 00                  648 	.db #0x00	; 0
   025C 00                  649 	.db #0x00	; 0
   025D 00                  650 	.db #0x00	; 0
   025E 00                  651 	.db #0x00	; 0
   025F 00                  652 	.db #0x00	; 0
   0260 20                  653 	.db #0x20	; 32
   0261 00                  654 	.db #0x00	; 0
   0262 00                  655 	.db #0x00	; 0
   0263 00                  656 	.db #0x00	; 0
   0264 00                  657 	.db #0x00	; 0
   0265 00                  658 	.db #0x00	; 0
   0266 00                  659 	.db #0x00	; 0
   0267 00                  660 	.db #0x00	; 0
   0268 98                  661 	.db #0x98	; 152
   0269 16                  662 	.db #0x16	; 22
   026A 8C                  663 	.db #0x8c	; 140
   026B 05                  664 	.db #0x05	; 5
   026C 00                  665 	.db #0x00	; 0
   026D 00                  666 	.db #0x00	; 0
   026E 00                  667 	.db #0x00	; 0
   026F 20                  668 	.db #0x20	; 32
   0270 00                  669 	.db #0x00	; 0
   0271 00                  670 	.db #0x00	; 0
   0272 20                  671 	.db #0x20	; 32
   0273 8C                  672 	.db #0x8c	; 140
   0274 05                  673 	.db #0x05	; 5
   0275 00                  674 	.db #0x00	; 0
   0276 00                  675 	.db #0x00	; 0
   0277 00                  676 	.db #0x00	; 0
   0278 20                  677 	.db #0x20	; 32
   0279 00                  678 	.db #0x00	; 0
   027A 00                  679 	.db #0x00	; 0
   027B 98                  680 	.db #0x98	; 152
   027C 16                  681 	.db #0x16	; 22
   027D 8A                  682 	.db #0x8a	; 138
   027E 18                  683 	.db #0x18	; 24
   027F 00                  684 	.db #0x00	; 0
   0280 00                  685 	.db #0x00	; 0
   0281 00                  686 	.db #0x00	; 0
   0282 2C                  687 	.db #0x2c	; 44
   0283 00                  688 	.db #0x00	; 0
   0284 00                  689 	.db #0x00	; 0
   0285 20                  690 	.db #0x20	; 32
   0286 20                  691 	.db #0x20	; 32
   0287 00                  692 	.db #0x00	; 0
   0288 00                  693 	.db #0x00	; 0
   0289 00                  694 	.db #0x00	; 0
   028A 00                  695 	.db #0x00	; 0
   028B 00                  696 	.db #0x00	; 0
   028C 9F                  697 	.db #0x9f	; 159
   028D B1                  698 	.db #0xb1	; 177
   028E 00                  699 	.db #0x00	; 0
   028F 98                  700 	.db #0x98	; 152
   0290 16                  701 	.db #0x16	; 22
   0291 8C                  702 	.db #0x8c	; 140
   0292 05                  703 	.db #0x05	; 5
   0293 00                  704 	.db #0x00	; 0
   0294 00                  705 	.db #0x00	; 0
   0295 00                  706 	.db #0x00	; 0
   0296 20                  707 	.db #0x20	; 32
   0297 00                  708 	.db #0x00	; 0
   0298 A4                  709 	.db #0xa4	; 164
   0299 B1                  710 	.db #0xb1	; 177
   029A 00                  711 	.db #0x00	; 0
   029B 20                  712 	.db #0x20	; 32
   029C 00                  713 	.db #0x00	; 0
   029D 00                  714 	.db #0x00	; 0
   029E 00                  715 	.db #0x00	; 0
   029F 00                  716 	.db #0x00	; 0
   02A0 00                  717 	.db #0x00	; 0
   02A1 00                  718 	.db #0x00	; 0
   02A2 00                  719 	.db #0x00	; 0
   02A3 96                  720 	.db #0x96	; 150
   02A4 16                  721 	.db #0x16	; 22
   02A5 00                  722 	.db #0x00	; 0
   02A6 00                  723 	.db #0x00	; 0
   02A7 00                  724 	.db #0x00	; 0
   02A8 00                  725 	.db #0x00	; 0
   02A9 00                  726 	.db #0x00	; 0
   02AA 00                  727 	.db #0x00	; 0
   02AB 00                  728 	.db #0x00	; 0
   02AC 20                  729 	.db #0x20	; 32
   02AD 00                  730 	.db #0x00	; 0
   02AE 00                  731 	.db #0x00	; 0
   02AF 00                  732 	.db #0x00	; 0
   02B0 00                  733 	.db #0x00	; 0
   02B1 00                  734 	.db #0x00	; 0
   02B2 00                  735 	.db #0x00	; 0
   02B3 00                  736 	.db #0x00	; 0
   02B4 96                  737 	.db #0x96	; 150
   02B5 16                  738 	.db #0x16	; 22
   02B6 8C                  739 	.db #0x8c	; 140
   02B7 05                  740 	.db #0x05	; 5
   02B8 00                  741 	.db #0x00	; 0
   02B9 00                  742 	.db #0x00	; 0
   02BA 00                  743 	.db #0x00	; 0
   02BB 20                  744 	.db #0x20	; 32
   02BC 00                  745 	.db #0x00	; 0
   02BD 00                  746 	.db #0x00	; 0
   02BE 20                  747 	.db #0x20	; 32
   02BF 8C                  748 	.db #0x8c	; 140
   02C0 05                  749 	.db #0x05	; 5
   02C1 00                  750 	.db #0x00	; 0
   02C2 00                  751 	.db #0x00	; 0
   02C3 00                  752 	.db #0x00	; 0
   02C4 20                  753 	.db #0x20	; 32
   02C5 00                  754 	.db #0x00	; 0
   02C6 00                  755 	.db #0x00	; 0
   02C7 96                  756 	.db #0x96	; 150
   02C8 16                  757 	.db #0x16	; 22
   02C9 8A                  758 	.db #0x8a	; 138
   02CA 18                  759 	.db #0x18	; 24
   02CB 00                  760 	.db #0x00	; 0
   02CC 00                  761 	.db #0x00	; 0
   02CD 00                  762 	.db #0x00	; 0
   02CE 2C                  763 	.db #0x2c	; 44
   02CF 00                  764 	.db #0x00	; 0
   02D0 00                  765 	.db #0x00	; 0
   02D1 20                  766 	.db #0x20	; 32
   02D2 20                  767 	.db #0x20	; 32
   02D3 00                  768 	.db #0x00	; 0
   02D4 00                  769 	.db #0x00	; 0
   02D5 00                  770 	.db #0x00	; 0
   02D6 00                  771 	.db #0x00	; 0
   02D7 00                  772 	.db #0x00	; 0
   02D8 A1                  773 	.db #0xa1	; 161
   02D9 B1                  774 	.db #0xb1	; 177
   02DA 00                  775 	.db #0x00	; 0
   02DB 96                  776 	.db #0x96	; 150
   02DC 16                  777 	.db #0x16	; 22
   02DD 8C                  778 	.db #0x8c	; 140
   02DE 05                  779 	.db #0x05	; 5
   02DF 00                  780 	.db #0x00	; 0
   02E0 00                  781 	.db #0x00	; 0
   02E1 00                  782 	.db #0x00	; 0
   02E2 20                  783 	.db #0x20	; 32
   02E3 00                  784 	.db #0x00	; 0
   02E4 A2                  785 	.db #0xa2	; 162
   02E5 B1                  786 	.db #0xb1	; 177
   02E6 00                  787 	.db #0x00	; 0
   02E7 20                  788 	.db #0x20	; 32
   02E8 00                  789 	.db #0x00	; 0
   02E9 00                  790 	.db #0x00	; 0
   02EA 00                  791 	.db #0x00	; 0
   02EB 00                  792 	.db #0x00	; 0
   02EC 00                  793 	.db #0x00	; 0
   02ED 00                  794 	.db #0x00	; 0
   02EE 00                  795 	.db #0x00	; 0
   02EF 91                  796 	.db #0x91	; 145
   02F0 16                  797 	.db #0x16	; 22
   02F1 00                  798 	.db #0x00	; 0
   02F2 00                  799 	.db #0x00	; 0
   02F3 00                  800 	.db #0x00	; 0
   02F4 00                  801 	.db #0x00	; 0
   02F5 00                  802 	.db #0x00	; 0
   02F6 00                  803 	.db #0x00	; 0
   02F7 00                  804 	.db #0x00	; 0
   02F8 20                  805 	.db #0x20	; 32
   02F9 00                  806 	.db #0x00	; 0
   02FA 00                  807 	.db #0x00	; 0
   02FB 00                  808 	.db #0x00	; 0
   02FC 00                  809 	.db #0x00	; 0
   02FD 00                  810 	.db #0x00	; 0
   02FE 00                  811 	.db #0x00	; 0
   02FF 00                  812 	.db #0x00	; 0
   0300 91                  813 	.db #0x91	; 145
   0301 16                  814 	.db #0x16	; 22
   0302 8C                  815 	.db #0x8c	; 140
   0303 05                  816 	.db #0x05	; 5
   0304 00                  817 	.db #0x00	; 0
   0305 00                  818 	.db #0x00	; 0
   0306 00                  819 	.db #0x00	; 0
   0307 20                  820 	.db #0x20	; 32
   0308 00                  821 	.db #0x00	; 0
   0309 00                  822 	.db #0x00	; 0
   030A 20                  823 	.db #0x20	; 32
   030B 8C                  824 	.db #0x8c	; 140
   030C 05                  825 	.db #0x05	; 5
   030D 00                  826 	.db #0x00	; 0
   030E 00                  827 	.db #0x00	; 0
   030F 00                  828 	.db #0x00	; 0
   0310 20                  829 	.db #0x20	; 32
   0311 00                  830 	.db #0x00	; 0
   0312 00                  831 	.db #0x00	; 0
   0313 91                  832 	.db #0x91	; 145
   0314 16                  833 	.db #0x16	; 22
   0315 8A                  834 	.db #0x8a	; 138
   0316 18                  835 	.db #0x18	; 24
   0317 00                  836 	.db #0x00	; 0
   0318 00                  837 	.db #0x00	; 0
   0319 00                  838 	.db #0x00	; 0
   031A 2C                  839 	.db #0x2c	; 44
   031B 00                  840 	.db #0x00	; 0
   031C 00                  841 	.db #0x00	; 0
   031D 20                  842 	.db #0x20	; 32
   031E 20                  843 	.db #0x20	; 32
   031F 00                  844 	.db #0x00	; 0
   0320 00                  845 	.db #0x00	; 0
   0321 00                  846 	.db #0x00	; 0
   0322 00                  847 	.db #0x00	; 0
   0323 00                  848 	.db #0x00	; 0
   0324 A1                  849 	.db #0xa1	; 161
   0325 B1                  850 	.db #0xb1	; 177
   0326 00                  851 	.db #0x00	; 0
   0327 91                  852 	.db #0x91	; 145
   0328 16                  853 	.db #0x16	; 22
   0329 8C                  854 	.db #0x8c	; 140
   032A 05                  855 	.db #0x05	; 5
   032B 00                  856 	.db #0x00	; 0
   032C 00                  857 	.db #0x00	; 0
   032D 00                  858 	.db #0x00	; 0
   032E 20                  859 	.db #0x20	; 32
   032F 00                  860 	.db #0x00	; 0
   0330 9F                  861 	.db #0x9f	; 159
   0331 B1                  862 	.db #0xb1	; 177
   0332 00                  863 	.db #0x00	; 0
   0333 20                  864 	.db #0x20	; 32
   0334 00                  865 	.db #0x00	; 0
   0335 00                  866 	.db #0x00	; 0
   0336 00                  867 	.db #0x00	; 0
   0337 00                  868 	.db #0x00	; 0
   0338 00                  869 	.db #0x00	; 0
   0339 00                  870 	.db #0x00	; 0
   033A 00                  871 	.db #0x00	; 0
   033B 93                  872 	.db #0x93	; 147
   033C 16                  873 	.db #0x16	; 22
   033D 00                  874 	.db #0x00	; 0
   033E 00                  875 	.db #0x00	; 0
   033F 00                  876 	.db #0x00	; 0
   0340 00                  877 	.db #0x00	; 0
   0341 00                  878 	.db #0x00	; 0
   0342 00                  879 	.db #0x00	; 0
   0343 00                  880 	.db #0x00	; 0
   0344 20                  881 	.db #0x20	; 32
   0345 00                  882 	.db #0x00	; 0
   0346 00                  883 	.db #0x00	; 0
   0347 00                  884 	.db #0x00	; 0
   0348 00                  885 	.db #0x00	; 0
   0349 00                  886 	.db #0x00	; 0
   034A 00                  887 	.db #0x00	; 0
   034B 00                  888 	.db #0x00	; 0
   034C 93                  889 	.db #0x93	; 147
   034D 16                  890 	.db #0x16	; 22
   034E 8C                  891 	.db #0x8c	; 140
   034F 05                  892 	.db #0x05	; 5
   0350 00                  893 	.db #0x00	; 0
   0351 00                  894 	.db #0x00	; 0
   0352 00                  895 	.db #0x00	; 0
   0353 20                  896 	.db #0x20	; 32
   0354 00                  897 	.db #0x00	; 0
   0355 00                  898 	.db #0x00	; 0
   0356 20                  899 	.db #0x20	; 32
   0357 8C                  900 	.db #0x8c	; 140
   0358 05                  901 	.db #0x05	; 5
   0359 00                  902 	.db #0x00	; 0
   035A 00                  903 	.db #0x00	; 0
   035B 00                  904 	.db #0x00	; 0
   035C 20                  905 	.db #0x20	; 32
   035D 00                  906 	.db #0x00	; 0
   035E 00                  907 	.db #0x00	; 0
   035F 93                  908 	.db #0x93	; 147
   0360 16                  909 	.db #0x16	; 22
   0361 8A                  910 	.db #0x8a	; 138
   0362 18                  911 	.db #0x18	; 24
   0363 00                  912 	.db #0x00	; 0
   0364 00                  913 	.db #0x00	; 0
   0365 00                  914 	.db #0x00	; 0
   0366 2C                  915 	.db #0x2c	; 44
   0367 00                  916 	.db #0x00	; 0
   0368 00                  917 	.db #0x00	; 0
   0369 20                  918 	.db #0x20	; 32
   036A 20                  919 	.db #0x20	; 32
   036B 00                  920 	.db #0x00	; 0
   036C 00                  921 	.db #0x00	; 0
   036D 00                  922 	.db #0x00	; 0
   036E 00                  923 	.db #0x00	; 0
   036F 00                  924 	.db #0x00	; 0
   0370 9D                  925 	.db #0x9d	; 157
   0371 B1                  926 	.db #0xb1	; 177
   0372 00                  927 	.db #0x00	; 0
   0373 93                  928 	.db #0x93	; 147
   0374 16                  929 	.db #0x16	; 22
   0375 8C                  930 	.db #0x8c	; 140
   0376 05                  931 	.db #0x05	; 5
   0377 00                  932 	.db #0x00	; 0
   0378 00                  933 	.db #0x00	; 0
   0379 00                  934 	.db #0x00	; 0
   037A 20                  935 	.db #0x20	; 32
   037B 00                  936 	.db #0x00	; 0
   037C 00                  937 	.db #0x00	; 0
   037D 20                  938 	.db #0x20	; 32
   037E 00                  939 	.db #0x00	; 0
   037F 00                  940 	.db #0x00	; 0
   0380 00                  941 	.db #0x00	; 0
   0381 00                  942 	.db #0x00	; 0
   0382 00                  943 	.db #0x00	; 0
   0383                     944 _levelmusic_mod3:
   0383 00                  945 	.db #0x00	; 0
   0384 9C                  946 	.db #0x9c	; 156
   0385 B1                  947 	.db #0xb1	; 177
   0386 00                  948 	.db #0x00	; 0
   0387 98                  949 	.db #0x98	; 152
   0388 16                  950 	.db #0x16	; 22
   0389 4A                  951 	.db #0x4a	; 74	'J'
   038A 04                  952 	.db #0x04	; 4
   038B 00                  953 	.db #0x00	; 0
   038C 00                  954 	.db #0x00	; 0
   038D 00                  955 	.db #0x00	; 0
   038E 00                  956 	.db #0x00	; 0
   038F 00                  957 	.db #0x00	; 0
   0390 00                  958 	.db #0x00	; 0
   0391 20                  959 	.db #0x20	; 32
   0392 00                  960 	.db #0x00	; 0
   0393 00                  961 	.db #0x00	; 0
   0394 00                  962 	.db #0x00	; 0
   0395 00                  963 	.db #0x00	; 0
   0396 00                  964 	.db #0x00	; 0
   0397 00                  965 	.db #0x00	; 0
   0398 00                  966 	.db #0x00	; 0
   0399 98                  967 	.db #0x98	; 152
   039A 16                  968 	.db #0x16	; 22
   039B 8C                  969 	.db #0x8c	; 140
   039C 05                  970 	.db #0x05	; 5
   039D 00                  971 	.db #0x00	; 0
   039E 00                  972 	.db #0x00	; 0
   039F 00                  973 	.db #0x00	; 0
   03A0 20                  974 	.db #0x20	; 32
   03A1 00                  975 	.db #0x00	; 0
   03A2 00                  976 	.db #0x00	; 0
   03A3 20                  977 	.db #0x20	; 32
   03A4 8C                  978 	.db #0x8c	; 140
   03A5 05                  979 	.db #0x05	; 5
   03A6 00                  980 	.db #0x00	; 0
   03A7 00                  981 	.db #0x00	; 0
   03A8 00                  982 	.db #0x00	; 0
   03A9 20                  983 	.db #0x20	; 32
   03AA 00                  984 	.db #0x00	; 0
   03AB 00                  985 	.db #0x00	; 0
   03AC 98                  986 	.db #0x98	; 152
   03AD 16                  987 	.db #0x16	; 22
   03AE 8A                  988 	.db #0x8a	; 138
   03AF 18                  989 	.db #0x18	; 24
   03B0 00                  990 	.db #0x00	; 0
   03B1 00                  991 	.db #0x00	; 0
   03B2 00                  992 	.db #0x00	; 0
   03B3 2C                  993 	.db #0x2c	; 44
   03B4 00                  994 	.db #0x00	; 0
   03B5 00                  995 	.db #0x00	; 0
   03B6 20                  996 	.db #0x20	; 32
   03B7 20                  997 	.db #0x20	; 32
   03B8 00                  998 	.db #0x00	; 0
   03B9 00                  999 	.db #0x00	; 0
   03BA 00                 1000 	.db #0x00	; 0
   03BB 00                 1001 	.db #0x00	; 0
   03BC 00                 1002 	.db #0x00	; 0
   03BD 9F                 1003 	.db #0x9f	; 159
   03BE B1                 1004 	.db #0xb1	; 177
   03BF 00                 1005 	.db #0x00	; 0
   03C0 98                 1006 	.db #0x98	; 152
   03C1 16                 1007 	.db #0x16	; 22
   03C2 8C                 1008 	.db #0x8c	; 140
   03C3 05                 1009 	.db #0x05	; 5
   03C4 00                 1010 	.db #0x00	; 0
   03C5 00                 1011 	.db #0x00	; 0
   03C6 00                 1012 	.db #0x00	; 0
   03C7 20                 1013 	.db #0x20	; 32
   03C8 00                 1014 	.db #0x00	; 0
   03C9 A4                 1015 	.db #0xa4	; 164
   03CA B1                 1016 	.db #0xb1	; 177
   03CB 00                 1017 	.db #0x00	; 0
   03CC 20                 1018 	.db #0x20	; 32
   03CD 00                 1019 	.db #0x00	; 0
   03CE 00                 1020 	.db #0x00	; 0
   03CF 00                 1021 	.db #0x00	; 0
   03D0 00                 1022 	.db #0x00	; 0
   03D1 00                 1023 	.db #0x00	; 0
   03D2 00                 1024 	.db #0x00	; 0
   03D3 00                 1025 	.db #0x00	; 0
   03D4 98                 1026 	.db #0x98	; 152
   03D5 16                 1027 	.db #0x16	; 22
   03D6 00                 1028 	.db #0x00	; 0
   03D7 00                 1029 	.db #0x00	; 0
   03D8 00                 1030 	.db #0x00	; 0
   03D9 00                 1031 	.db #0x00	; 0
   03DA 00                 1032 	.db #0x00	; 0
   03DB 00                 1033 	.db #0x00	; 0
   03DC 00                 1034 	.db #0x00	; 0
   03DD 20                 1035 	.db #0x20	; 32
   03DE 00                 1036 	.db #0x00	; 0
   03DF 00                 1037 	.db #0x00	; 0
   03E0 00                 1038 	.db #0x00	; 0
   03E1 00                 1039 	.db #0x00	; 0
   03E2 00                 1040 	.db #0x00	; 0
   03E3 00                 1041 	.db #0x00	; 0
   03E4 00                 1042 	.db #0x00	; 0
   03E5 98                 1043 	.db #0x98	; 152
   03E6 16                 1044 	.db #0x16	; 22
   03E7 8C                 1045 	.db #0x8c	; 140
   03E8 05                 1046 	.db #0x05	; 5
   03E9 00                 1047 	.db #0x00	; 0
   03EA 00                 1048 	.db #0x00	; 0
   03EB 00                 1049 	.db #0x00	; 0
   03EC 20                 1050 	.db #0x20	; 32
   03ED 00                 1051 	.db #0x00	; 0
   03EE 00                 1052 	.db #0x00	; 0
   03EF 20                 1053 	.db #0x20	; 32
   03F0 8C                 1054 	.db #0x8c	; 140
   03F1 05                 1055 	.db #0x05	; 5
   03F2 00                 1056 	.db #0x00	; 0
   03F3 00                 1057 	.db #0x00	; 0
   03F4 00                 1058 	.db #0x00	; 0
   03F5 20                 1059 	.db #0x20	; 32
   03F6 00                 1060 	.db #0x00	; 0
   03F7 00                 1061 	.db #0x00	; 0
   03F8 98                 1062 	.db #0x98	; 152
   03F9 16                 1063 	.db #0x16	; 22
   03FA 8A                 1064 	.db #0x8a	; 138
   03FB 18                 1065 	.db #0x18	; 24
   03FC 00                 1066 	.db #0x00	; 0
   03FD 00                 1067 	.db #0x00	; 0
   03FE 00                 1068 	.db #0x00	; 0
   03FF 2C                 1069 	.db #0x2c	; 44
   0400 00                 1070 	.db #0x00	; 0
   0401 00                 1071 	.db #0x00	; 0
   0402 20                 1072 	.db #0x20	; 32
   0403 20                 1073 	.db #0x20	; 32
   0404 00                 1074 	.db #0x00	; 0
   0405 00                 1075 	.db #0x00	; 0
   0406 00                 1076 	.db #0x00	; 0
   0407 00                 1077 	.db #0x00	; 0
   0408 00                 1078 	.db #0x00	; 0
   0409 A6                 1079 	.db #0xa6	; 166
   040A B1                 1080 	.db #0xb1	; 177
   040B 00                 1081 	.db #0x00	; 0
   040C 98                 1082 	.db #0x98	; 152
   040D 16                 1083 	.db #0x16	; 22
   040E 8C                 1084 	.db #0x8c	; 140
   040F 05                 1085 	.db #0x05	; 5
   0410 00                 1086 	.db #0x00	; 0
   0411 00                 1087 	.db #0x00	; 0
   0412 00                 1088 	.db #0x00	; 0
   0413 20                 1089 	.db #0x20	; 32
   0414 00                 1090 	.db #0x00	; 0
   0415 A2                 1091 	.db #0xa2	; 162
   0416 B1                 1092 	.db #0xb1	; 177
   0417 00                 1093 	.db #0x00	; 0
   0418 20                 1094 	.db #0x20	; 32
   0419 00                 1095 	.db #0x00	; 0
   041A 00                 1096 	.db #0x00	; 0
   041B 00                 1097 	.db #0x00	; 0
   041C 00                 1098 	.db #0x00	; 0
   041D 00                 1099 	.db #0x00	; 0
   041E 00                 1100 	.db #0x00	; 0
   041F 00                 1101 	.db #0x00	; 0
   0420 96                 1102 	.db #0x96	; 150
   0421 16                 1103 	.db #0x16	; 22
   0422 00                 1104 	.db #0x00	; 0
   0423 00                 1105 	.db #0x00	; 0
   0424 00                 1106 	.db #0x00	; 0
   0425 00                 1107 	.db #0x00	; 0
   0426 00                 1108 	.db #0x00	; 0
   0427 00                 1109 	.db #0x00	; 0
   0428 00                 1110 	.db #0x00	; 0
   0429 20                 1111 	.db #0x20	; 32
   042A 00                 1112 	.db #0x00	; 0
   042B 00                 1113 	.db #0x00	; 0
   042C 00                 1114 	.db #0x00	; 0
   042D 00                 1115 	.db #0x00	; 0
   042E 00                 1116 	.db #0x00	; 0
   042F 00                 1117 	.db #0x00	; 0
   0430 00                 1118 	.db #0x00	; 0
   0431 96                 1119 	.db #0x96	; 150
   0432 16                 1120 	.db #0x16	; 22
   0433 8C                 1121 	.db #0x8c	; 140
   0434 05                 1122 	.db #0x05	; 5
   0435 00                 1123 	.db #0x00	; 0
   0436 00                 1124 	.db #0x00	; 0
   0437 00                 1125 	.db #0x00	; 0
   0438 20                 1126 	.db #0x20	; 32
   0439 00                 1127 	.db #0x00	; 0
   043A 00                 1128 	.db #0x00	; 0
   043B 20                 1129 	.db #0x20	; 32
   043C 8C                 1130 	.db #0x8c	; 140
   043D 05                 1131 	.db #0x05	; 5
   043E 00                 1132 	.db #0x00	; 0
   043F 00                 1133 	.db #0x00	; 0
   0440 00                 1134 	.db #0x00	; 0
   0441 20                 1135 	.db #0x20	; 32
   0442 00                 1136 	.db #0x00	; 0
   0443 00                 1137 	.db #0x00	; 0
   0444 96                 1138 	.db #0x96	; 150
   0445 16                 1139 	.db #0x16	; 22
   0446 8A                 1140 	.db #0x8a	; 138
   0447 18                 1141 	.db #0x18	; 24
   0448 00                 1142 	.db #0x00	; 0
   0449 00                 1143 	.db #0x00	; 0
   044A 00                 1144 	.db #0x00	; 0
   044B 2C                 1145 	.db #0x2c	; 44
   044C 00                 1146 	.db #0x00	; 0
   044D 00                 1147 	.db #0x00	; 0
   044E 20                 1148 	.db #0x20	; 32
   044F 20                 1149 	.db #0x20	; 32
   0450 00                 1150 	.db #0x00	; 0
   0451 00                 1151 	.db #0x00	; 0
   0452 00                 1152 	.db #0x00	; 0
   0453 00                 1153 	.db #0x00	; 0
   0454 00                 1154 	.db #0x00	; 0
   0455 00                 1155 	.db #0x00	; 0
   0456 96                 1156 	.db #0x96	; 150
   0457 16                 1157 	.db #0x16	; 22
   0458 8C                 1158 	.db #0x8c	; 140
   0459 05                 1159 	.db #0x05	; 5
   045A 00                 1160 	.db #0x00	; 0
   045B 00                 1161 	.db #0x00	; 0
   045C 00                 1162 	.db #0x00	; 0
   045D 20                 1163 	.db #0x20	; 32
   045E 00                 1164 	.db #0x00	; 0
   045F 00                 1165 	.db #0x00	; 0
   0460 20                 1166 	.db #0x20	; 32
   0461 00                 1167 	.db #0x00	; 0
   0462 00                 1168 	.db #0x00	; 0
   0463 00                 1169 	.db #0x00	; 0
   0464 00                 1170 	.db #0x00	; 0
   0465 00                 1171 	.db #0x00	; 0
   0466 00                 1172 	.db #0x00	; 0
   0467 00                 1173 	.db #0x00	; 0
   0468 93                 1174 	.db #0x93	; 147
   0469 16                 1175 	.db #0x16	; 22
   046A 00                 1176 	.db #0x00	; 0
   046B 00                 1177 	.db #0x00	; 0
   046C 00                 1178 	.db #0x00	; 0
   046D 00                 1179 	.db #0x00	; 0
   046E 00                 1180 	.db #0x00	; 0
   046F 00                 1181 	.db #0x00	; 0
   0470 00                 1182 	.db #0x00	; 0
   0471 20                 1183 	.db #0x20	; 32
   0472 00                 1184 	.db #0x00	; 0
   0473 00                 1185 	.db #0x00	; 0
   0474 00                 1186 	.db #0x00	; 0
   0475 00                 1187 	.db #0x00	; 0
   0476 00                 1188 	.db #0x00	; 0
   0477 00                 1189 	.db #0x00	; 0
   0478 00                 1190 	.db #0x00	; 0
   0479 93                 1191 	.db #0x93	; 147
   047A 16                 1192 	.db #0x16	; 22
   047B 8C                 1193 	.db #0x8c	; 140
   047C 05                 1194 	.db #0x05	; 5
   047D 00                 1195 	.db #0x00	; 0
   047E 00                 1196 	.db #0x00	; 0
   047F 00                 1197 	.db #0x00	; 0
   0480 20                 1198 	.db #0x20	; 32
   0481 00                 1199 	.db #0x00	; 0
   0482 00                 1200 	.db #0x00	; 0
   0483 20                 1201 	.db #0x20	; 32
   0484 8C                 1202 	.db #0x8c	; 140
   0485 05                 1203 	.db #0x05	; 5
   0486 00                 1204 	.db #0x00	; 0
   0487 00                 1205 	.db #0x00	; 0
   0488 00                 1206 	.db #0x00	; 0
   0489 20                 1207 	.db #0x20	; 32
   048A 00                 1208 	.db #0x00	; 0
   048B 00                 1209 	.db #0x00	; 0
   048C 93                 1210 	.db #0x93	; 147
   048D 16                 1211 	.db #0x16	; 22
   048E 8A                 1212 	.db #0x8a	; 138
   048F 18                 1213 	.db #0x18	; 24
   0490 00                 1214 	.db #0x00	; 0
   0491 00                 1215 	.db #0x00	; 0
   0492 00                 1216 	.db #0x00	; 0
   0493 2C                 1217 	.db #0x2c	; 44
   0494 00                 1218 	.db #0x00	; 0
   0495 00                 1219 	.db #0x00	; 0
   0496 20                 1220 	.db #0x20	; 32
   0497 20                 1221 	.db #0x20	; 32
   0498 00                 1222 	.db #0x00	; 0
   0499 00                 1223 	.db #0x00	; 0
   049A 00                 1224 	.db #0x00	; 0
   049B 00                 1225 	.db #0x00	; 0
   049C 00                 1226 	.db #0x00	; 0
   049D 00                 1227 	.db #0x00	; 0
   049E 93                 1228 	.db #0x93	; 147
   049F 16                 1229 	.db #0x16	; 22
   04A0 8C                 1230 	.db #0x8c	; 140
   04A1 05                 1231 	.db #0x05	; 5
   04A2 00                 1232 	.db #0x00	; 0
   04A3 00                 1233 	.db #0x00	; 0
   04A4 00                 1234 	.db #0x00	; 0
   04A5 20                 1235 	.db #0x20	; 32
   04A6 00                 1236 	.db #0x00	; 0
   04A7 00                 1237 	.db #0x00	; 0
   04A8 20                 1238 	.db #0x20	; 32
   04A9 00                 1239 	.db #0x00	; 0
   04AA 00                 1240 	.db #0x00	; 0
   04AB 00                 1241 	.db #0x00	; 0
   04AC 00                 1242 	.db #0x00	; 0
   04AD 00                 1243 	.db #0x00	; 0
   04AE                    1244 _levelmusic_mod4:
   04AE 00                 1245 	.db #0x00	; 0
   04AF 9B                 1246 	.db #0x9b	; 155
   04B0 B1                 1247 	.db #0xb1	; 177
   04B1 00                 1248 	.db #0x00	; 0
   04B2 8F                 1249 	.db #0x8f	; 143
   04B3 16                 1250 	.db #0x16	; 22
   04B4 4A                 1251 	.db #0x4a	; 74	'J'
   04B5 04                 1252 	.db #0x04	; 4
   04B6 00                 1253 	.db #0x00	; 0
   04B7 00                 1254 	.db #0x00	; 0
   04B8 00                 1255 	.db #0x00	; 0
   04B9 00                 1256 	.db #0x00	; 0
   04BA 00                 1257 	.db #0x00	; 0
   04BB 00                 1258 	.db #0x00	; 0
   04BC 20                 1259 	.db #0x20	; 32
   04BD 00                 1260 	.db #0x00	; 0
   04BE 00                 1261 	.db #0x00	; 0
   04BF 00                 1262 	.db #0x00	; 0
   04C0 00                 1263 	.db #0x00	; 0
   04C1 00                 1264 	.db #0x00	; 0
   04C2 00                 1265 	.db #0x00	; 0
   04C3 00                 1266 	.db #0x00	; 0
   04C4 8F                 1267 	.db #0x8f	; 143
   04C5 16                 1268 	.db #0x16	; 22
   04C6 8C                 1269 	.db #0x8c	; 140
   04C7 05                 1270 	.db #0x05	; 5
   04C8 00                 1271 	.db #0x00	; 0
   04C9 00                 1272 	.db #0x00	; 0
   04CA 00                 1273 	.db #0x00	; 0
   04CB 20                 1274 	.db #0x20	; 32
   04CC 00                 1275 	.db #0x00	; 0
   04CD 00                 1276 	.db #0x00	; 0
   04CE 20                 1277 	.db #0x20	; 32
   04CF 8C                 1278 	.db #0x8c	; 140
   04D0 05                 1279 	.db #0x05	; 5
   04D1 00                 1280 	.db #0x00	; 0
   04D2 00                 1281 	.db #0x00	; 0
   04D3 00                 1282 	.db #0x00	; 0
   04D4 20                 1283 	.db #0x20	; 32
   04D5 00                 1284 	.db #0x00	; 0
   04D6 00                 1285 	.db #0x00	; 0
   04D7 8F                 1286 	.db #0x8f	; 143
   04D8 16                 1287 	.db #0x16	; 22
   04D9 8A                 1288 	.db #0x8a	; 138
   04DA 18                 1289 	.db #0x18	; 24
   04DB 00                 1290 	.db #0x00	; 0
   04DC 00                 1291 	.db #0x00	; 0
   04DD 00                 1292 	.db #0x00	; 0
   04DE 2C                 1293 	.db #0x2c	; 44
   04DF 00                 1294 	.db #0x00	; 0
   04E0 00                 1295 	.db #0x00	; 0
   04E1 20                 1296 	.db #0x20	; 32
   04E2 20                 1297 	.db #0x20	; 32
   04E3 00                 1298 	.db #0x00	; 0
   04E4 00                 1299 	.db #0x00	; 0
   04E5 00                 1300 	.db #0x00	; 0
   04E6 00                 1301 	.db #0x00	; 0
   04E7 00                 1302 	.db #0x00	; 0
   04E8 9B                 1303 	.db #0x9b	; 155
   04E9 B1                 1304 	.db #0xb1	; 177
   04EA 00                 1305 	.db #0x00	; 0
   04EB 8F                 1306 	.db #0x8f	; 143
   04EC 16                 1307 	.db #0x16	; 22
   04ED 8C                 1308 	.db #0x8c	; 140
   04EE 05                 1309 	.db #0x05	; 5
   04EF 00                 1310 	.db #0x00	; 0
   04F0 00                 1311 	.db #0x00	; 0
   04F1 00                 1312 	.db #0x00	; 0
   04F2 20                 1313 	.db #0x20	; 32
   04F3 00                 1314 	.db #0x00	; 0
   04F4 9D                 1315 	.db #0x9d	; 157
   04F5 B1                 1316 	.db #0xb1	; 177
   04F6 00                 1317 	.db #0x00	; 0
   04F7 20                 1318 	.db #0x20	; 32
   04F8 00                 1319 	.db #0x00	; 0
   04F9 00                 1320 	.db #0x00	; 0
   04FA 00                 1321 	.db #0x00	; 0
   04FB 00                 1322 	.db #0x00	; 0
   04FC 00                 1323 	.db #0x00	; 0
   04FD 00                 1324 	.db #0x00	; 0
   04FE 00                 1325 	.db #0x00	; 0
   04FF 91                 1326 	.db #0x91	; 145
   0500 16                 1327 	.db #0x16	; 22
   0501 00                 1328 	.db #0x00	; 0
   0502 00                 1329 	.db #0x00	; 0
   0503 00                 1330 	.db #0x00	; 0
   0504 00                 1331 	.db #0x00	; 0
   0505 00                 1332 	.db #0x00	; 0
   0506 00                 1333 	.db #0x00	; 0
   0507 00                 1334 	.db #0x00	; 0
   0508 20                 1335 	.db #0x20	; 32
   0509 00                 1336 	.db #0x00	; 0
   050A 00                 1337 	.db #0x00	; 0
   050B 00                 1338 	.db #0x00	; 0
   050C 00                 1339 	.db #0x00	; 0
   050D 00                 1340 	.db #0x00	; 0
   050E 00                 1341 	.db #0x00	; 0
   050F 00                 1342 	.db #0x00	; 0
   0510 91                 1343 	.db #0x91	; 145
   0511 16                 1344 	.db #0x16	; 22
   0512 8C                 1345 	.db #0x8c	; 140
   0513 05                 1346 	.db #0x05	; 5
   0514 00                 1347 	.db #0x00	; 0
   0515 00                 1348 	.db #0x00	; 0
   0516 00                 1349 	.db #0x00	; 0
   0517 20                 1350 	.db #0x20	; 32
   0518 00                 1351 	.db #0x00	; 0
   0519 00                 1352 	.db #0x00	; 0
   051A 20                 1353 	.db #0x20	; 32
   051B 8C                 1354 	.db #0x8c	; 140
   051C 05                 1355 	.db #0x05	; 5
   051D 00                 1356 	.db #0x00	; 0
   051E 00                 1357 	.db #0x00	; 0
   051F 00                 1358 	.db #0x00	; 0
   0520 20                 1359 	.db #0x20	; 32
   0521 00                 1360 	.db #0x00	; 0
   0522 00                 1361 	.db #0x00	; 0
   0523 91                 1362 	.db #0x91	; 145
   0524 16                 1363 	.db #0x16	; 22
   0525 8A                 1364 	.db #0x8a	; 138
   0526 18                 1365 	.db #0x18	; 24
   0527 00                 1366 	.db #0x00	; 0
   0528 00                 1367 	.db #0x00	; 0
   0529 00                 1368 	.db #0x00	; 0
   052A 2C                 1369 	.db #0x2c	; 44
   052B 00                 1370 	.db #0x00	; 0
   052C 00                 1371 	.db #0x00	; 0
   052D 20                 1372 	.db #0x20	; 32
   052E 20                 1373 	.db #0x20	; 32
   052F 00                 1374 	.db #0x00	; 0
   0530 00                 1375 	.db #0x00	; 0
   0531 00                 1376 	.db #0x00	; 0
   0532 00                 1377 	.db #0x00	; 0
   0533 00                 1378 	.db #0x00	; 0
   0534 9D                 1379 	.db #0x9d	; 157
   0535 B1                 1380 	.db #0xb1	; 177
   0536 00                 1381 	.db #0x00	; 0
   0537 91                 1382 	.db #0x91	; 145
   0538 16                 1383 	.db #0x16	; 22
   0539 8C                 1384 	.db #0x8c	; 140
   053A 05                 1385 	.db #0x05	; 5
   053B 00                 1386 	.db #0x00	; 0
   053C 00                 1387 	.db #0x00	; 0
   053D 00                 1388 	.db #0x00	; 0
   053E 20                 1389 	.db #0x20	; 32
   053F 00                 1390 	.db #0x00	; 0
   0540 9C                 1391 	.db #0x9c	; 156
   0541 B1                 1392 	.db #0xb1	; 177
   0542 00                 1393 	.db #0x00	; 0
   0543 20                 1394 	.db #0x20	; 32
   0544 00                 1395 	.db #0x00	; 0
   0545 00                 1396 	.db #0x00	; 0
   0546 00                 1397 	.db #0x00	; 0
   0547 00                 1398 	.db #0x00	; 0
   0548 00                 1399 	.db #0x00	; 0
   0549 00                 1400 	.db #0x00	; 0
   054A 00                 1401 	.db #0x00	; 0
   054B 8C                 1402 	.db #0x8c	; 140
   054C 16                 1403 	.db #0x16	; 22
   054D 00                 1404 	.db #0x00	; 0
   054E 00                 1405 	.db #0x00	; 0
   054F 00                 1406 	.db #0x00	; 0
   0550 00                 1407 	.db #0x00	; 0
   0551 00                 1408 	.db #0x00	; 0
   0552 00                 1409 	.db #0x00	; 0
   0553 00                 1410 	.db #0x00	; 0
   0554 20                 1411 	.db #0x20	; 32
   0555 00                 1412 	.db #0x00	; 0
   0556 00                 1413 	.db #0x00	; 0
   0557 00                 1414 	.db #0x00	; 0
   0558 00                 1415 	.db #0x00	; 0
   0559 00                 1416 	.db #0x00	; 0
   055A 00                 1417 	.db #0x00	; 0
   055B 00                 1418 	.db #0x00	; 0
   055C 8C                 1419 	.db #0x8c	; 140
   055D 16                 1420 	.db #0x16	; 22
   055E 8C                 1421 	.db #0x8c	; 140
   055F 05                 1422 	.db #0x05	; 5
   0560 00                 1423 	.db #0x00	; 0
   0561 00                 1424 	.db #0x00	; 0
   0562 00                 1425 	.db #0x00	; 0
   0563 20                 1426 	.db #0x20	; 32
   0564 00                 1427 	.db #0x00	; 0
   0565 00                 1428 	.db #0x00	; 0
   0566 20                 1429 	.db #0x20	; 32
   0567 8C                 1430 	.db #0x8c	; 140
   0568 05                 1431 	.db #0x05	; 5
   0569 00                 1432 	.db #0x00	; 0
   056A 00                 1433 	.db #0x00	; 0
   056B 00                 1434 	.db #0x00	; 0
   056C 20                 1435 	.db #0x20	; 32
   056D 00                 1436 	.db #0x00	; 0
   056E 00                 1437 	.db #0x00	; 0
   056F 8C                 1438 	.db #0x8c	; 140
   0570 16                 1439 	.db #0x16	; 22
   0571 8A                 1440 	.db #0x8a	; 138
   0572 18                 1441 	.db #0x18	; 24
   0573 00                 1442 	.db #0x00	; 0
   0574 00                 1443 	.db #0x00	; 0
   0575 00                 1444 	.db #0x00	; 0
   0576 2C                 1445 	.db #0x2c	; 44
   0577 00                 1446 	.db #0x00	; 0
   0578 00                 1447 	.db #0x00	; 0
   0579 20                 1448 	.db #0x20	; 32
   057A 20                 1449 	.db #0x20	; 32
   057B 00                 1450 	.db #0x00	; 0
   057C 00                 1451 	.db #0x00	; 0
   057D 00                 1452 	.db #0x00	; 0
   057E 00                 1453 	.db #0x00	; 0
   057F 00                 1454 	.db #0x00	; 0
   0580 00                 1455 	.db #0x00	; 0
   0581 8C                 1456 	.db #0x8c	; 140
   0582 16                 1457 	.db #0x16	; 22
   0583 8C                 1458 	.db #0x8c	; 140
   0584 05                 1459 	.db #0x05	; 5
   0585 00                 1460 	.db #0x00	; 0
   0586 00                 1461 	.db #0x00	; 0
   0587 00                 1462 	.db #0x00	; 0
   0588 20                 1463 	.db #0x20	; 32
   0589 00                 1464 	.db #0x00	; 0
   058A 00                 1465 	.db #0x00	; 0
   058B 20                 1466 	.db #0x20	; 32
   058C 00                 1467 	.db #0x00	; 0
   058D 00                 1468 	.db #0x00	; 0
   058E 00                 1469 	.db #0x00	; 0
   058F 00                 1470 	.db #0x00	; 0
   0590 00                 1471 	.db #0x00	; 0
   0591 00                 1472 	.db #0x00	; 0
   0592 00                 1473 	.db #0x00	; 0
   0593 8C                 1474 	.db #0x8c	; 140
   0594 16                 1475 	.db #0x16	; 22
   0595 00                 1476 	.db #0x00	; 0
   0596 00                 1477 	.db #0x00	; 0
   0597 00                 1478 	.db #0x00	; 0
   0598 00                 1479 	.db #0x00	; 0
   0599 00                 1480 	.db #0x00	; 0
   059A 00                 1481 	.db #0x00	; 0
   059B 20                 1482 	.db #0x20	; 32
   059C 20                 1483 	.db #0x20	; 32
   059D 00                 1484 	.db #0x00	; 0
   059E 00                 1485 	.db #0x00	; 0
   059F 00                 1486 	.db #0x00	; 0
   05A0 00                 1487 	.db #0x00	; 0
   05A1 00                 1488 	.db #0x00	; 0
   05A2 00                 1489 	.db #0x00	; 0
   05A3 00                 1490 	.db #0x00	; 0
   05A4 00                 1491 	.db #0x00	; 0
   05A5 8C                 1492 	.db #0x8c	; 140
   05A6 05                 1493 	.db #0x05	; 5
   05A7 00                 1494 	.db #0x00	; 0
   05A8 00                 1495 	.db #0x00	; 0
   05A9 00                 1496 	.db #0x00	; 0
   05AA 20                 1497 	.db #0x20	; 32
   05AB 00                 1498 	.db #0x00	; 0
   05AC 00                 1499 	.db #0x00	; 0
   05AD 00                 1500 	.db #0x00	; 0
   05AE 8C                 1501 	.db #0x8c	; 140
   05AF 05                 1502 	.db #0x05	; 5
   05B0 00                 1503 	.db #0x00	; 0
   05B1 00                 1504 	.db #0x00	; 0
   05B2 00                 1505 	.db #0x00	; 0
   05B3 20                 1506 	.db #0x20	; 32
   05B4 00                 1507 	.db #0x00	; 0
   05B5 00                 1508 	.db #0x00	; 0
   05B6 00                 1509 	.db #0x00	; 0
   05B7 8A                 1510 	.db #0x8a	; 138
   05B8 18                 1511 	.db #0x18	; 24
   05B9 00                 1512 	.db #0x00	; 0
   05BA 00                 1513 	.db #0x00	; 0
   05BB 00                 1514 	.db #0x00	; 0
   05BC 2C                 1515 	.db #0x2c	; 44
   05BD 00                 1516 	.db #0x00	; 0
   05BE 00                 1517 	.db #0x00	; 0
   05BF 00                 1518 	.db #0x00	; 0
   05C0 20                 1519 	.db #0x20	; 32
   05C1 00                 1520 	.db #0x00	; 0
   05C2 00                 1521 	.db #0x00	; 0
   05C3 00                 1522 	.db #0x00	; 0
   05C4 00                 1523 	.db #0x00	; 0
   05C5 00                 1524 	.db #0x00	; 0
   05C6 00                 1525 	.db #0x00	; 0
   05C7 00                 1526 	.db #0x00	; 0
   05C8 8C                 1527 	.db #0x8c	; 140
   05C9 05                 1528 	.db #0x05	; 5
   05CA 00                 1529 	.db #0x00	; 0
   05CB 00                 1530 	.db #0x00	; 0
   05CC 00                 1531 	.db #0x00	; 0
   05CD 20                 1532 	.db #0x20	; 32
   05CE 00                 1533 	.db #0x00	; 0
   05CF 00                 1534 	.db #0x00	; 0
   05D0 00                 1535 	.db #0x00	; 0
   05D1 00                 1536 	.db #0x00	; 0
   05D2 00                 1537 	.db #0x00	; 0
   05D3 00                 1538 	.db #0x00	; 0
   05D4 00                 1539 	.db #0x00	; 0
   05D5 00                 1540 	.db #0x00	; 0
   05D6                    1541 _levelmusic_mod_Data:
   05D6r00r00              1542 	.dw _levelmusic_mod0
   05D8r2Br01              1543 	.dw _levelmusic_mod1
   05DAr00r00              1544 	.dw _levelmusic_mod0
   05DCr2Br01              1545 	.dw _levelmusic_mod1
   05DEr53r02              1546 	.dw _levelmusic_mod2
   05E0r83r03              1547 	.dw _levelmusic_mod3
   05E2r53r02              1548 	.dw _levelmusic_mod2
   05E4rAEr04              1549 	.dw _levelmusic_mod4
   05E6 00 00              1550 	.dw #0x0000
                           1551 	.area _CABS (ABS)
