                              1 ;--------------------------------------------------------
                              2 ; File Created by SDCC : free open source ANSI-C Compiler
                              3 ; Version 3.6.0 #9615 (MINGW64)
                              4 ;--------------------------------------------------------
                              5 	.module playerlittle_b3
                              6 	.optsdcc -mgbz80
                              7 	
                              8 ;--------------------------------------------------------
                              9 ; Public variables in this module
                             10 ;--------------------------------------------------------
                             11 	.globl _playerlittle
                             12 ;--------------------------------------------------------
                             13 ; ram data
                             14 ;--------------------------------------------------------
                             15 	.area _DATA
                             16 ;--------------------------------------------------------
                             17 ; absolute external ram data
                             18 ;--------------------------------------------------------
                             19 	.area _DABS (ABS)
                             20 ;--------------------------------------------------------
                             21 ; global & static initialisations
                             22 ;--------------------------------------------------------
                             23 	.area _HOME
                             24 	.area _GSINIT
                             25 	.area _GSFINAL
                             26 	.area _GSINIT
                             27 ;--------------------------------------------------------
                             28 ; Home
                             29 ;--------------------------------------------------------
                             30 	.area _HOME
                             31 	.area _HOME
                             32 ;--------------------------------------------------------
                             33 ; code
                             34 ;--------------------------------------------------------
                             35 	.area _CODE
                             36 	.area _CODE
                             37 	.area _CODE_3
   0000                      38 _playerlittle:
   0000 18                   39 	.db #0x18	; 24
   0001 18                   40 	.db #0x18	; 24
   0002 24                   41 	.db #0x24	; 36
   0003 7E                   42 	.db #0x7e	; 126
   0004 62                   43 	.db #0x62	; 98	'b'
   0005 5E                   44 	.db #0x5e	; 94
   0006 EF                   45 	.db #0xef	; 239
   0007 91                   46 	.db #0x91	; 145
   0008 F7                   47 	.db #0xf7	; 247
   0009 89                   48 	.db #0x89	; 137
   000A 46                   49 	.db #0x46	; 70	'F'
   000B 7A                   50 	.db #0x7a	; 122	'z'
   000C 24                   51 	.db #0x24	; 36
   000D 7E                   52 	.db #0x7e	; 126
   000E 18                   53 	.db #0x18	; 24
   000F 18                   54 	.db #0x18	; 24
   0010 00                   55 	.db #0x00	; 0
   0011 00                   56 	.db #0x00	; 0
   0012 00                   57 	.db #0x00	; 0
   0013 00                   58 	.db #0x00	; 0
   0014 00                   59 	.db #0x00	; 0
   0015 00                   60 	.db #0x00	; 0
   0016 00                   61 	.db #0x00	; 0
   0017 00                   62 	.db #0x00	; 0
   0018 00                   63 	.db #0x00	; 0
   0019 00                   64 	.db #0x00	; 0
   001A 00                   65 	.db #0x00	; 0
   001B 00                   66 	.db #0x00	; 0
   001C 00                   67 	.db #0x00	; 0
   001D 00                   68 	.db #0x00	; 0
   001E 00                   69 	.db #0x00	; 0
   001F 00                   70 	.db #0x00	; 0
   0020 18                   71 	.db #0x18	; 24
   0021 18                   72 	.db #0x18	; 24
   0022 34                   73 	.db #0x34	; 52	'4'
   0023 6E                   74 	.db #0x6e	; 110	'n'
   0024 72                   75 	.db #0x72	; 114	'r'
   0025 4E                   76 	.db #0x4e	; 78	'N'
   0026 F1                   77 	.db #0xf1	; 241
   0027 8F                   78 	.db #0x8f	; 143
   0028 8F                   79 	.db #0x8f	; 143
   0029 F1                   80 	.db #0xf1	; 241
   002A 4E                   81 	.db #0x4e	; 78	'N'
   002B 72                   82 	.db #0x72	; 114	'r'
   002C 2C                   83 	.db #0x2c	; 44
   002D 76                   84 	.db #0x76	; 118	'v'
   002E 18                   85 	.db #0x18	; 24
   002F 18                   86 	.db #0x18	; 24
   0030 00                   87 	.db #0x00	; 0
   0031 00                   88 	.db #0x00	; 0
   0032 00                   89 	.db #0x00	; 0
   0033 00                   90 	.db #0x00	; 0
   0034 00                   91 	.db #0x00	; 0
   0035 00                   92 	.db #0x00	; 0
   0036 00                   93 	.db #0x00	; 0
   0037 00                   94 	.db #0x00	; 0
   0038 00                   95 	.db #0x00	; 0
   0039 00                   96 	.db #0x00	; 0
   003A 00                   97 	.db #0x00	; 0
   003B 00                   98 	.db #0x00	; 0
   003C 00                   99 	.db #0x00	; 0
   003D 00                  100 	.db #0x00	; 0
   003E 00                  101 	.db #0x00	; 0
   003F 00                  102 	.db #0x00	; 0
   0040 18                  103 	.db #0x18	; 24
   0041 18                  104 	.db #0x18	; 24
   0042 3C                  105 	.db #0x3c	; 60
   0043 66                  106 	.db #0x66	; 102	'f'
   0044 5E                  107 	.db #0x5e	; 94
   0045 62                  108 	.db #0x62	; 98	'b'
   0046 91                  109 	.db #0x91	; 145
   0047 EF                  110 	.db #0xef	; 239
   0048 89                  111 	.db #0x89	; 137
   0049 F7                  112 	.db #0xf7	; 247
   004A 7A                  113 	.db #0x7a	; 122	'z'
   004B 46                  114 	.db #0x46	; 70	'F'
   004C 3C                  115 	.db #0x3c	; 60
   004D 66                  116 	.db #0x66	; 102	'f'
   004E 18                  117 	.db #0x18	; 24
   004F 18                  118 	.db #0x18	; 24
   0050 00                  119 	.db #0x00	; 0
   0051 00                  120 	.db #0x00	; 0
   0052 00                  121 	.db #0x00	; 0
   0053 00                  122 	.db #0x00	; 0
   0054 00                  123 	.db #0x00	; 0
   0055 00                  124 	.db #0x00	; 0
   0056 00                  125 	.db #0x00	; 0
   0057 00                  126 	.db #0x00	; 0
   0058 00                  127 	.db #0x00	; 0
   0059 00                  128 	.db #0x00	; 0
   005A 00                  129 	.db #0x00	; 0
   005B 00                  130 	.db #0x00	; 0
   005C 00                  131 	.db #0x00	; 0
   005D 00                  132 	.db #0x00	; 0
   005E 00                  133 	.db #0x00	; 0
   005F 00                  134 	.db #0x00	; 0
   0060 18                  135 	.db #0x18	; 24
   0061 18                  136 	.db #0x18	; 24
   0062 2C                  137 	.db #0x2c	; 44
   0063 76                  138 	.db #0x76	; 118	'v'
   0064 4E                  139 	.db #0x4e	; 78	'N'
   0065 72                  140 	.db #0x72	; 114	'r'
   0066 8F                  141 	.db #0x8f	; 143
   0067 F1                  142 	.db #0xf1	; 241
   0068 F1                  143 	.db #0xf1	; 241
   0069 8F                  144 	.db #0x8f	; 143
   006A 72                  145 	.db #0x72	; 114	'r'
   006B 4E                  146 	.db #0x4e	; 78	'N'
   006C 34                  147 	.db #0x34	; 52	'4'
   006D 6E                  148 	.db #0x6e	; 110	'n'
   006E 18                  149 	.db #0x18	; 24
   006F 18                  150 	.db #0x18	; 24
   0070 00                  151 	.db #0x00	; 0
   0071 00                  152 	.db #0x00	; 0
   0072 00                  153 	.db #0x00	; 0
   0073 00                  154 	.db #0x00	; 0
   0074 00                  155 	.db #0x00	; 0
   0075 00                  156 	.db #0x00	; 0
   0076 00                  157 	.db #0x00	; 0
   0077 00                  158 	.db #0x00	; 0
   0078 00                  159 	.db #0x00	; 0
   0079 00                  160 	.db #0x00	; 0
   007A 00                  161 	.db #0x00	; 0
   007B 00                  162 	.db #0x00	; 0
   007C 00                  163 	.db #0x00	; 0
   007D 00                  164 	.db #0x00	; 0
   007E 00                  165 	.db #0x00	; 0
   007F 00                  166 	.db #0x00	; 0
                            167 	.area _CABS (ABS)
