                              1 ;--------------------------------------------------------
                              2 ; File Created by SDCC : free open source ANSI-C Compiler
                              3 ; Version 3.6.0 #9615 (MINGW64)
                              4 ;--------------------------------------------------------
                              5 	.module SpriteExplosion
                              6 	.optsdcc -mgbz80
                              7 	
                              8 ;--------------------------------------------------------
                              9 ; Public variables in this module
                             10 ;--------------------------------------------------------
                             11 	.globl _PlayFx
                             12 	.globl _SpriteManagerRemoveSprite
                             13 	.globl _SetState
                             14 	.globl _SetSpriteAnim
                             15 	.globl _bank_SPRITE_EXPLOSION
                             16 	.globl _anim_explosion
                             17 	.globl _Start_SPRITE_EXPLOSION
                             18 	.globl _Update_SPRITE_EXPLOSION
                             19 	.globl _Destroy_SPRITE_EXPLOSION
                             20 ;--------------------------------------------------------
                             21 ; ram data
                             22 ;--------------------------------------------------------
                             23 	.area _DATA
   0000                      24 _bank_SPRITE_EXPLOSION::
   0000                      25 	.ds 1
                             26 ;--------------------------------------------------------
                             27 ; absolute external ram data
                             28 ;--------------------------------------------------------
                             29 	.area _DABS (ABS)
                             30 ;--------------------------------------------------------
                             31 ; global & static initialisations
                             32 ;--------------------------------------------------------
                             33 	.area _HOME
                             34 	.area _GSINIT
                             35 	.area _GSFINAL
                             36 	.area _GSINIT
                             37 ;SpriteExplosion.c:7: UINT8 bank_SPRITE_EXPLOSION = 2;
   0000 21r00r00             38 	ld	hl,#_bank_SPRITE_EXPLOSION
   0003 36 02                39 	ld	(hl),#0x02
                             40 ;--------------------------------------------------------
                             41 ; Home
                             42 ;--------------------------------------------------------
                             43 	.area _HOME
                             44 	.area _HOME
                             45 ;--------------------------------------------------------
                             46 ; code
                             47 ;--------------------------------------------------------
                             48 	.area _CODE_2
                             49 ;SpriteExplosion.c:10: void Start_SPRITE_EXPLOSION() {
                             50 ;	---------------------------------
                             51 ; Function Start_SPRITE_EXPLOSION
                             52 ; ---------------------------------
   0000                      53 _Start_SPRITE_EXPLOSION::
                             54 ;SpriteExplosion.c:11: SetSpriteAnim(THIS, anim_explosion, 8u);
   0000 3E 08                55 	ld	a,#0x08
   0002 F5                   56 	push	af
   0003 33                   57 	inc	sp
   0004 21r25r00             58 	ld	hl,#_anim_explosion
   0007 E5                   59 	push	hl
   0008 21r00r00             60 	ld	hl,#_THIS
   000B 2A                   61 	ld	a,(hl+)
   000C 66                   62 	ld	h,(hl)
   000D 6F                   63 	ld	l,a
   000E E5                   64 	push	hl
   000F CDr00r00             65 	call	_SetSpriteAnim
   0012 E8 05                66 	add	sp, #5
                             67 ;SpriteExplosion.c:12: THIS->anim_speed = 33u;
   0014 21r01r00             68 	ld	hl,#_THIS + 1
   0017 2B                   69 	dec	hl
   0018 4E                   70 	ld	c,(hl)
   0019 23                   71 	inc	hl
   001A 46                   72 	ld	b,(hl)
   001B 21 06 00             73 	ld	hl,#0x0006
   001E 09                   74 	add	hl,bc
   001F 4D                   75 	ld	c,l
   0020 44                   76 	ld	b,h
   0021 3E 21                77 	ld	a,#0x21
   0023 02                   78 	ld	(bc),a
   0024 C9                   79 	ret
   0025                      80 _anim_explosion:
   0025 04                   81 	.db #0x04	; 4
   0026 00                   82 	.db #0x00	; 0
   0027 01                   83 	.db #0x01	; 1
   0028 02                   84 	.db #0x02	; 2
   0029 03                   85 	.db #0x03	; 3
                             86 ;SpriteExplosion.c:14: void Update_SPRITE_EXPLOSION() {
                             87 ;	---------------------------------
                             88 ; Function Update_SPRITE_EXPLOSION
                             89 ; ---------------------------------
   002A                      90 _Update_SPRITE_EXPLOSION::
                             91 ;SpriteExplosion.c:15: PlayFx(CHANNEL_4, 4, 0x0c, 0x41, 0x30, 0xc0);
   002A 21 C0 00             92 	ld	hl,#0x00c0
   002D E5                   93 	push	hl
   002E 2E 30                94 	ld	l, #0x30
   0030 E5                   95 	push	hl
   0031 2E 41                96 	ld	l, #0x41
   0033 E5                   97 	push	hl
   0034 2E 0C                98 	ld	l, #0x0c
   0036 E5                   99 	push	hl
   0037 21 03 04            100 	ld	hl,#0x0403
   003A E5                  101 	push	hl
   003B CDr00r00            102 	call	_PlayFx
   003E E8 0A               103 	add	sp, #10
                            104 ;SpriteExplosion.c:16: if (THIS->current_frame == 3) {
   0040 21r01r00            105 	ld	hl,#_THIS + 1
   0043 2B                  106 	dec	hl
   0044 4E                  107 	ld	c,(hl)
   0045 23                  108 	inc	hl
   0046 46                  109 	ld	b,(hl)
   0047 03                  110 	inc	bc
   0048 03                  111 	inc	bc
   0049 03                  112 	inc	bc
   004A 03                  113 	inc	bc
   004B 0A                  114 	ld	a,(bc)
   004C D6 03               115 	sub	a, #0x03
   004E C0                  116 	ret	NZ
                            117 ;SpriteExplosion.c:17: SpriteManagerRemoveSprite(THIS);
   004F 2B                  118 	dec	hl
   0050 2A                  119 	ld	a,(hl+)
   0051 66                  120 	ld	h,(hl)
   0052 6F                  121 	ld	l,a
   0053 E5                  122 	push	hl
   0054 CDr00r00            123 	call	_SpriteManagerRemoveSprite
   0057 E8 02               124 	add	sp, #2
   0059 C9                  125 	ret
                            126 ;SpriteExplosion.c:20: void Destroy_SPRITE_EXPLOSION() {
                            127 ;	---------------------------------
                            128 ; Function Destroy_SPRITE_EXPLOSION
                            129 ; ---------------------------------
   005A                     130 _Destroy_SPRITE_EXPLOSION::
                            131 ;SpriteExplosion.c:21: SetState(STATE_LIFES);
   005A 3E 02               132 	ld	a,#0x02
   005C F5                  133 	push	af
   005D 33                  134 	inc	sp
   005E CDr00r00            135 	call	_SetState
   0061 33                  136 	inc	sp
   0062 C9                  137 	ret
                            138 	.area _CODE_2
                            139 	.area _CABS (ABS)
